<?xml version="1.0" encoding="UTF-8"?>
<robot generator="Robot 7.4.2 (Python 3.12.3 on darwin)" generated="2026-05-29T22:33:46.863760" rpa="false" schemaversion="5">
<suite id="s1" name="Epc-Simulator-Tests" source="/Users/bukowski/Projects/STUDIA-Testowanie-Oprogramowania/epc-simulator-tests">
<suite id="s1-s1" name="Add Bearer" source="/Users/bukowski/Projects/STUDIA-Testowanie-Oprogramowania/epc-simulator-tests/add_bearer.robot">
<kw name="Create Session" owner="RequestsLibrary" type="SETUP">
<msg time="2026-05-29T22:33:46.981554" level="INFO">Creating Session using : alias=epc, url=http://localhost:8000, headers={},                     cookies={}, auth=None, timeout=None, proxies=None, verify=False,                     debug=0 </msg>
<arg>epc</arg>
<arg>${BASE_URL}</arg>
<doc>Create Session: create a HTTP session to a server</doc>
<status status="PASS" start="2026-05-29T22:33:46.981475" elapsed="0.000164"/>
</kw>
<test id="s1-s1-t1" name="T-080 Adding a valid bearer returns status bearer_added" line="23">
<kw name="Reset EPC" type="SETUP">
<kw name="POST On Session" owner="RequestsLibrary">
<msg time="2026-05-29T22:33:47.026075" level="INFO">POST Request : url=http://localhost:8000/reset 
 path_url=/reset 
 headers={'User-Agent': 'python-requests/2.33.1', 'Accept-Encoding': 'gzip, deflate', 'Accept': '*/*', 'Connection': 'keep-alive', 'Content-Length': '0'} 
 body=None 
 </msg>
<msg time="2026-05-29T22:33:47.026145" level="INFO">POST Response : url=http://localhost:8000/reset 
 status=200, reason=OK 
 headers={'date': 'Fri, 29 May 2026 20:33:46 GMT', 'server': 'uvicorn', 'content-length': '18', 'content-type': 'application/json'} 
 body={"status":"reset"} 
 </msg>
<arg>epc</arg>
<arg>/reset</arg>
<doc>Sends a POST request on a previously created HTTP Session.</doc>
<status status="PASS" start="2026-05-29T22:33:46.982017" elapsed="0.044162"/>
</kw>
<doc>Przywraca symulator do stanu początkowego przed każdym testem.</doc>
<status status="PASS" start="2026-05-29T22:33:46.981931" elapsed="0.044294"/>
</kw>
<kw name="Attach UE ${VALID_UE_ID}" source_name="Attach UE ${ue_id}">
<kw name="Create Dictionary" owner="BuiltIn">
<msg time="2026-05-29T22:33:47.026715" level="INFO">${body} = {'ue_id': 50}</msg>
<var>${body}</var>
<arg>ue_id=${ue_id}</arg>
<doc>Creates and returns a dictionary based on the given ``items``.</doc>
<status status="PASS" start="2026-05-29T22:33:47.026509" elapsed="0.000217"/>
</kw>
<kw name="POST On Session" owner="RequestsLibrary">
<msg time="2026-05-29T22:33:47.037354" level="INFO">POST Request : url=http://localhost:8000/ues 
 path_url=/ues 
 headers={'User-Agent': 'python-requests/2.33.1', 'Accept-Encoding': 'gzip, deflate', 'Accept': '*/*', 'Connection': 'keep-alive', 'Content-Length': '13', 'Content-Type': 'application/json'} 
 body=b'{"ue_id": 50}' 
 </msg>
<msg time="2026-05-29T22:33:47.037393" level="INFO">POST Response : url=http://localhost:8000/ues 
 status=200, reason=OK 
 headers={'date': 'Fri, 29 May 2026 20:33:46 GMT', 'server': 'uvicorn', 'content-length': '32', 'content-type': 'application/json'} 
 body={"status":"attached","ue_id":50} 
 </msg>
<arg>epc</arg>
<arg>/ues</arg>
<arg>json=${body}</arg>
<arg>expected_status=any</arg>
<doc>Sends a POST request on a previously created HTTP Session.</doc>
<status status="PASS" start="2026-05-29T22:33:47.026771" elapsed="0.010656"/>
</kw>
<doc>Podłącza UE (helper do przygotowania stanu).</doc>
<status status="PASS" start="2026-05-29T22:33:47.026357" elapsed="0.011111"/>
</kw>
<kw name="Add bearer ${VALID_BEARER_ID} to UE ${VALID_UE_ID}" source_name="Add bearer ${bearer_id} to UE ${ue_id}">
<kw name="Create Dictionary" owner="BuiltIn">
<msg time="2026-05-29T22:33:47.038071" level="INFO">${body} = {'bearer_id': 1}</msg>
<var>${body}</var>
<arg>bearer_id=${bearer_id}</arg>
<doc>Creates and returns a dictionary based on the given ``items``.</doc>
<status status="PASS" start="2026-05-29T22:33:47.037926" elapsed="0.000154"/>
</kw>
<kw name="POST On Session" owner="RequestsLibrary">
<msg time="2026-05-29T22:33:47.043622" level="INFO">POST Request : url=http://localhost:8000/ues/50/bearers 
 path_url=/ues/50/bearers 
 headers={'User-Agent': 'python-requests/2.33.1', 'Accept-Encoding': 'gzip, deflate', 'Accept': '*/*', 'Connection': 'keep-alive', 'Content-Length': '16', 'Content-Type': 'application/json'} 
 body=b'{"bearer_id": 1}' 
 </msg>
<msg time="2026-05-29T22:33:47.043650" level="INFO">POST Response : url=http://localhost:8000/ues/50/bearers 
 status=200, reason=OK 
 headers={'date': 'Fri, 29 May 2026 20:33:46 GMT', 'server': 'uvicorn', 'content-length': '50', 'content-type': 'application/json'} 
 body={"status":"bearer_added","ue_id":50,"bearer_id":1} 
 </msg>
<msg time="2026-05-29T22:33:47.043702" level="INFO">${response} = &lt;Response [200]&gt;</msg>
<var>${response}</var>
<arg>epc</arg>
<arg>/ues/${ue_id}/bearers</arg>
<arg>json=${body}</arg>
<arg>expected_status=any</arg>
<doc>Sends a POST request on a previously created HTTP Session.</doc>
<status status="PASS" start="2026-05-29T22:33:47.038117" elapsed="0.005595"/>
</kw>
<kw name="Set Test Variable" owner="BuiltIn">
<msg time="2026-05-29T22:33:47.044069" level="INFO">${LAST_RESPONSE} = &lt;Response [200]&gt;</msg>
<arg>${LAST_RESPONSE}</arg>
<arg>${response}</arg>
<doc>Makes a variable available everywhere within the scope of the current test.</doc>
<status status="PASS" start="2026-05-29T22:33:47.043777" elapsed="0.000308"/>
</kw>
<doc>Wysyła POST /ues/{ue_id}/bearers i zapisuje odpowiedź w ${LAST_RESPONSE}.</doc>
<status status="PASS" start="2026-05-29T22:33:47.037800" elapsed="0.006305"/>
</kw>
<kw name="Add bearer response should confirm UE ${VALID_UE_ID} bearer ${VALID_BEARER_ID}" source_name="Add bearer response should confirm UE ${ue_id} bearer ${bearer_id}">
<kw name="Status Should Be" owner="RequestsLibrary">
<arg>200</arg>
<arg>${LAST_RESPONSE}</arg>
<doc>Fails if response status code is different than the expected.</doc>
<status status="PASS" start="2026-05-29T22:33:47.044299" elapsed="0.000074"/>
</kw>
<kw name="Should Be Equal As Strings" owner="BuiltIn">
<arg>${LAST_RESPONSE.json()}[status]</arg>
<arg>bearer_added</arg>
<doc>Fails if objects are unequal after converting them to strings.</doc>
<status status="PASS" start="2026-05-29T22:33:47.044409" elapsed="0.000243"/>
</kw>
<kw name="Should Be Equal As Integers" owner="BuiltIn">
<arg>${LAST_RESPONSE.json()}[ue_id]</arg>
<arg>${ue_id}</arg>
<doc>Fails if objects are unequal after converting them to integers.</doc>
<status status="PASS" start="2026-05-29T22:33:47.044693" elapsed="0.000188"/>
</kw>
<kw name="Should Be Equal As Integers" owner="BuiltIn">
<arg>${LAST_RESPONSE.json()}[bearer_id]</arg>
<arg>${bearer_id}</arg>
<doc>Fails if objects are unequal after converting them to integers.</doc>
<status status="PASS" start="2026-05-29T22:33:47.044917" elapsed="0.000197"/>
</kw>
<doc>Weryfikuje, że ostatnie dodanie bearera zwróciło 200 i body potwierdza UE oraz bearer ID.</doc>
<status status="PASS" start="2026-05-29T22:33:47.044197" elapsed="0.000937"/>
</kw>
<doc>Akcja: dodanie dedykowanego bearera o ID z zakresu 1-9 do podłączonego UE.
Oczekiwane: 200 ze statusem bearer_added oraz zgodnym UE ID i bearer ID.</doc>
<tag>add-bearer</tag>
<tag>happy-path</tag>
<status status="PASS" start="2026-05-29T22:33:46.981699" elapsed="0.063477"/>
</test>
<test id="s1-s1-t2" name="T-081 Added bearer appears alongside the default bearer in UE state" line="31">
<kw name="Reset EPC" type="SETUP">
<kw name="POST On Session" owner="RequestsLibrary">
<msg time="2026-05-29T22:33:47.049223" level="INFO">POST Request : url=http://localhost:8000/reset 
 path_url=/reset 
 headers={'User-Agent': 'python-requests/2.33.1', 'Accept-Encoding': 'gzip, deflate', 'Accept': '*/*', 'Connection': 'keep-alive', 'Content-Length': '0'} 
 body=None 
 </msg>
<msg time="2026-05-29T22:33:47.049254" level="INFO">POST Response : url=http://localhost:8000/reset 
 status=200, reason=OK 
 headers={'date': 'Fri, 29 May 2026 20:33:46 GMT', 'server': 'uvicorn', 'content-length': '18', 'content-type': 'application/json'} 
 body={"status":"reset"} 
 </msg>
<arg>epc</arg>
<arg>/reset</arg>
<doc>Sends a POST request on a previously created HTTP Session.</doc>
<status status="PASS" start="2026-05-29T22:33:47.045632" elapsed="0.003649"/>
</kw>
<doc>Przywraca symulator do stanu początkowego przed każdym testem.</doc>
<status status="PASS" start="2026-05-29T22:33:47.045541" elapsed="0.003804"/>
</kw>
<kw name="Attach UE ${VALID_UE_ID}" source_name="Attach UE ${ue_id}">
<kw name="Create Dictionary" owner="BuiltIn">
<msg time="2026-05-29T22:33:47.049704" level="INFO">${body} = {'ue_id': 50}</msg>
<var>${body}</var>
<arg>ue_id=${ue_id}</arg>
<doc>Creates and returns a dictionary based on the given ``items``.</doc>
<status status="PASS" start="2026-05-29T22:33:47.049571" elapsed="0.000142"/>
</kw>
<kw name="POST On Session" owner="RequestsLibrary">
<msg time="2026-05-29T22:33:47.053098" level="INFO">POST Request : url=http://localhost:8000/ues 
 path_url=/ues 
 headers={'User-Agent': 'python-requests/2.33.1', 'Accept-Encoding': 'gzip, deflate', 'Accept': '*/*', 'Connection': 'keep-alive', 'Content-Length': '13', 'Content-Type': 'application/json'} 
 body=b'{"ue_id": 50}' 
 </msg>
<msg time="2026-05-29T22:33:47.053122" level="INFO">POST Response : url=http://localhost:8000/ues 
 status=200, reason=OK 
 headers={'date': 'Fri, 29 May 2026 20:33:46 GMT', 'server': 'uvicorn', 'content-length': '32', 'content-type': 'application/json'} 
 body={"status":"attached","ue_id":50} 
 </msg>
<arg>epc</arg>
<arg>/ues</arg>
<arg>json=${body}</arg>
<arg>expected_status=any</arg>
<doc>Sends a POST request on a previously created HTTP Session.</doc>
<status status="PASS" start="2026-05-29T22:33:47.049750" elapsed="0.003398"/>
</kw>
<doc>Podłącza UE (helper do przygotowania stanu).</doc>
<status status="PASS" start="2026-05-29T22:33:47.049452" elapsed="0.003723"/>
</kw>
<kw name="Add bearer ${VALID_BEARER_ID} to UE ${VALID_UE_ID}" source_name="Add bearer ${bearer_id} to UE ${ue_id}">
<kw name="Create Dictionary" owner="BuiltIn">
<msg time="2026-05-29T22:33:47.053711" level="INFO">${body} = {'bearer_id': 1}</msg>
<var>${body}</var>
<arg>bearer_id=${bearer_id}</arg>
<doc>Creates and returns a dictionary based on the given ``items``.</doc>
<status status="PASS" start="2026-05-29T22:33:47.053584" elapsed="0.000136"/>
</kw>
<kw name="POST On Session" owner="RequestsLibrary">
<msg time="2026-05-29T22:33:47.056790" level="INFO">POST Request : url=http://localhost:8000/ues/50/bearers 
 path_url=/ues/50/bearers 
 headers={'User-Agent': 'python-requests/2.33.1', 'Accept-Encoding': 'gzip, deflate', 'Accept': '*/*', 'Connection': 'keep-alive', 'Content-Length': '16', 'Content-Type': 'application/json'} 
 body=b'{"bearer_id": 1}' 
 </msg>
<msg time="2026-05-29T22:33:47.056818" level="INFO">POST Response : url=http://localhost:8000/ues/50/bearers 
 status=200, reason=OK 
 headers={'date': 'Fri, 29 May 2026 20:33:46 GMT', 'server': 'uvicorn', 'content-length': '50', 'content-type': 'application/json'} 
 body={"status":"bearer_added","ue_id":50,"bearer_id":1} 
 </msg>
<msg time="2026-05-29T22:33:47.056867" level="INFO">${response} = &lt;Response [200]&gt;</msg>
<var>${response}</var>
<arg>epc</arg>
<arg>/ues/${ue_id}/bearers</arg>
<arg>json=${body}</arg>
<arg>expected_status=any</arg>
<doc>Sends a POST request on a previously created HTTP Session.</doc>
<status status="PASS" start="2026-05-29T22:33:47.053759" elapsed="0.003119"/>
</kw>
<kw name="Set Test Variable" owner="BuiltIn">
<msg time="2026-05-29T22:33:47.057230" level="INFO">${LAST_RESPONSE} = &lt;Response [200]&gt;</msg>
<arg>${LAST_RESPONSE}</arg>
<arg>${response}</arg>
<doc>Makes a variable available everywhere within the scope of the current test.</doc>
<status status="PASS" start="2026-05-29T22:33:47.056941" elapsed="0.000304"/>
</kw>
<doc>Wysyła POST /ues/{ue_id}/bearers i zapisuje odpowiedź w ${LAST_RESPONSE}.</doc>
<status status="PASS" start="2026-05-29T22:33:47.053465" elapsed="0.003801"/>
</kw>
<kw name="UE ${VALID_UE_ID} should have bearers ${VALID_BEARER_ID} and ${DEFAULT_BEARER_ID}" source_name="UE ${ue_id} should have bearers ${bearer_id} and ${default_bearer_id}">
<kw name="GET On Session" owner="RequestsLibrary">
<msg time="2026-05-29T22:33:47.059159" level="INFO">GET Request : url=http://localhost:8000/ues/50 
 path_url=/ues/50 
 headers={'User-Agent': 'python-requests/2.33.1', 'Accept-Encoding': 'gzip, deflate', 'Accept': '*/*', 'Connection': 'keep-alive'} 
 body=None 
 </msg>
<msg time="2026-05-29T22:33:47.059182" level="INFO">GET Response : url=http://localhost:8000/ues/50 
 status=200, reason=OK 
 headers={'date': 'Fri, 29 May 2026 20:33:47 GMT', 'server': 'uvicorn', 'content-length': '173', 'content-type': 'application/json'} 
 body={"ue_id":50,"bearers":{"9":{"bearer_id":9,"protocol":null,"target_bps":null,"active":false},"1":{"bearer_id":1,"protocol":null,"target_bps":null,"active":false}},"stats":{}} 
 </msg>
<msg time="2026-05-29T22:33:47.059219" level="INFO">${ue} = &lt;Response [200]&gt;</msg>
<var>${ue}</var>
<arg>epc</arg>
<arg>/ues/${ue_id}</arg>
<doc>Sends a GET request on a previously created HTTP Session.</doc>
<status status="PASS" start="2026-05-29T22:33:47.057502" elapsed="0.001726"/>
</kw>
<kw name="Status Should Be" owner="RequestsLibrary">
<arg>200</arg>
<arg>${ue}</arg>
<doc>Fails if response status code is different than the expected.</doc>
<status status="PASS" start="2026-05-29T22:33:47.059277" elapsed="0.000073"/>
</kw>
<kw name="Convert To String" owner="BuiltIn">
<msg time="2026-05-29T22:33:47.059495" level="INFO">${key} = 1</msg>
<var>${key}</var>
<arg>${bearer_id}</arg>
<doc>Converts the given item to a Unicode string.</doc>
<status status="PASS" start="2026-05-29T22:33:47.059392" elapsed="0.000111"/>
</kw>
<kw name="Convert To String" owner="BuiltIn">
<msg time="2026-05-29T22:33:47.059629" level="INFO">${default_key} = 9</msg>
<var>${default_key}</var>
<arg>${default_bearer_id}</arg>
<doc>Converts the given item to a Unicode string.</doc>
<status status="PASS" start="2026-05-29T22:33:47.059541" elapsed="0.000095"/>
</kw>
<kw name="Dictionary Should Contain Key" owner="Collections">
<arg>${ue.json()}[bearers]</arg>
<arg>${key}</arg>
<doc>Fails if ``key`` is not found from ``dictionary``.</doc>
<status status="PASS" start="2026-05-29T22:33:47.059668" elapsed="0.000185"/>
</kw>
<kw name="Dictionary Should Contain Key" owner="Collections">
<arg>${ue.json()}[bearers]</arg>
<arg>${default_key}</arg>
<doc>Fails if ``key`` is not found from ``dictionary``.</doc>
<status status="PASS" start="2026-05-29T22:33:47.059886" elapsed="0.000148"/>
</kw>
<doc>Pobiera dane UE i sprawdza, że ma dodany bearer obok domyślnego bearera.</doc>
<status status="PASS" start="2026-05-29T22:33:47.057370" elapsed="0.002682"/>
</kw>
<doc>Akcja: dodanie bearera i podgląd stanu UE przez GET /ues/{id}.
Oczekiwane: nowy bearer pojawia się obok domyślnego bearera 9.</doc>
<tag>add-bearer</tag>
<tag>state</tag>
<status status="PASS" start="2026-05-29T22:33:47.045289" elapsed="0.014795"/>
</test>
<test id="s1-s1-t3" name="T-082 Adding a bearer above the valid range is rejected" line="39">
<kw name="Reset EPC" type="SETUP">
<kw name="POST On Session" owner="RequestsLibrary">
<msg time="2026-05-29T22:33:47.062847" level="INFO">POST Request : url=http://localhost:8000/reset 
 path_url=/reset 
 headers={'User-Agent': 'python-requests/2.33.1', 'Accept-Encoding': 'gzip, deflate', 'Accept': '*/*', 'Connection': 'keep-alive', 'Content-Length': '0'} 
 body=None 
 </msg>
<msg time="2026-05-29T22:33:47.062868" level="INFO">POST Response : url=http://localhost:8000/reset 
 status=200, reason=OK 
 headers={'date': 'Fri, 29 May 2026 20:33:47 GMT', 'server': 'uvicorn', 'content-length': '18', 'content-type': 'application/json'} 
 body={"status":"reset"} 
 </msg>
<arg>epc</arg>
<arg>/reset</arg>
<doc>Sends a POST request on a previously created HTTP Session.</doc>
<status status="PASS" start="2026-05-29T22:33:47.060420" elapsed="0.002467"/>
</kw>
<doc>Przywraca symulator do stanu początkowego przed każdym testem.</doc>
<status status="PASS" start="2026-05-29T22:33:47.060354" elapsed="0.002556"/>
</kw>
<kw name="Attach UE ${VALID_UE_ID}" source_name="Attach UE ${ue_id}">
<kw name="Create Dictionary" owner="BuiltIn">
<msg time="2026-05-29T22:33:47.063236" level="INFO">${body} = {'ue_id': 50}</msg>
<var>${body}</var>
<arg>ue_id=${ue_id}</arg>
<doc>Creates and returns a dictionary based on the given ``items``.</doc>
<status status="PASS" start="2026-05-29T22:33:47.063089" elapsed="0.000156"/>
</kw>
<kw name="POST On Session" owner="RequestsLibrary">
<msg time="2026-05-29T22:33:47.065813" level="INFO">POST Request : url=http://localhost:8000/ues 
 path_url=/ues 
 headers={'User-Agent': 'python-requests/2.33.1', 'Accept-Encoding': 'gzip, deflate', 'Accept': '*/*', 'Connection': 'keep-alive', 'Content-Length': '13', 'Content-Type': 'application/json'} 
 body=b'{"ue_id": 50}' 
 </msg>
<msg time="2026-05-29T22:33:47.065835" level="INFO">POST Response : url=http://localhost:8000/ues 
 status=200, reason=OK 
 headers={'date': 'Fri, 29 May 2026 20:33:47 GMT', 'server': 'uvicorn', 'content-length': '32', 'content-type': 'application/json'} 
 body={"status":"attached","ue_id":50} 
 </msg>
<arg>epc</arg>
<arg>/ues</arg>
<arg>json=${body}</arg>
<arg>expected_status=any</arg>
<doc>Sends a POST request on a previously created HTTP Session.</doc>
<status status="PASS" start="2026-05-29T22:33:47.063282" elapsed="0.002579"/>
</kw>
<doc>Podłącza UE (helper do przygotowania stanu).</doc>
<status status="PASS" start="2026-05-29T22:33:47.062992" elapsed="0.002894"/>
</kw>
<kw name="Adding bearer ${BEARER_ABOVE_RANGE} to UE ${VALID_UE_ID} should be rejected with message &quot;Input should be less than or equal to 9&quot;" source_name="Adding bearer ${bearer_id} to UE ${ue_id} should be rejected with message &quot;${substring}&quot;">
<kw name="Adding bearer ${bearer_id} to UE ${ue_id} should be rejected" source_name="Adding bearer ${bearer_id} to UE ${ue_id} should be rejected">
<kw name="Add bearer ${bearer_id} to UE ${ue_id}" source_name="Add bearer ${bearer_id} to UE ${ue_id}">
<kw name="Create Dictionary" owner="BuiltIn">
<msg time="2026-05-29T22:33:47.066681" level="INFO">${body} = {'bearer_id': 10}</msg>
<var>${body}</var>
<arg>bearer_id=${bearer_id}</arg>
<doc>Creates and returns a dictionary based on the given ``items``.</doc>
<status status="PASS" start="2026-05-29T22:33:47.066560" elapsed="0.000130"/>
</kw>
<kw name="POST On Session" owner="RequestsLibrary">
<msg time="2026-05-29T22:33:47.068995" level="INFO">POST Request : url=http://localhost:8000/ues/50/bearers 
 path_url=/ues/50/bearers 
 headers={'User-Agent': 'python-requests/2.33.1', 'Accept-Encoding': 'gzip, deflate', 'Accept': '*/*', 'Connection': 'keep-alive', 'Content-Length': '17', 'Content-Type': 'application/json'} 
 body=b'{"bearer_id": 10}' 
 </msg>
<msg time="2026-05-29T22:33:47.069017" level="INFO">POST Response : url=http://localhost:8000/ues/50/bearers 
 status=422, reason=Unprocessable Entity 
 headers={'date': 'Fri, 29 May 2026 20:33:47 GMT', 'server': 'uvicorn', 'content-length': '140', 'content-type': 'application/json'} 
 body={"detail":[{"type":"less_than_equal","loc":["body","bearer_id"],"msg":"Input should be less than or equal to 9","input":10,"ctx":{"le":9}}]} 
 </msg>
<msg time="2026-05-29T22:33:47.069057" level="INFO">${response} = &lt;Response [422]&gt;</msg>
<var>${response}</var>
<arg>epc</arg>
<arg>/ues/${ue_id}/bearers</arg>
<arg>json=${body}</arg>
<arg>expected_status=any</arg>
<doc>Sends a POST request on a previously created HTTP Session.</doc>
<status status="PASS" start="2026-05-29T22:33:47.066728" elapsed="0.002337"/>
</kw>
<kw name="Set Test Variable" owner="BuiltIn">
<msg time="2026-05-29T22:33:47.069419" level="INFO">${LAST_RESPONSE} = &lt;Response [422]&gt;</msg>
<arg>${LAST_RESPONSE}</arg>
<arg>${response}</arg>
<doc>Makes a variable available everywhere within the scope of the current test.</doc>
<status status="PASS" start="2026-05-29T22:33:47.069118" elapsed="0.000317"/>
</kw>
<doc>Wysyła POST /ues/{ue_id}/bearers i zapisuje odpowiedź w ${LAST_RESPONSE}.</doc>
<status status="PASS" start="2026-05-29T22:33:47.066460" elapsed="0.002997"/>
</kw>
<kw name="Should Be True" owner="BuiltIn">
<arg>${LAST_RESPONSE.status_code} &gt;= 400</arg>
<arg>Dodanie bearera ${bearer_id} do UE ${ue_id} powinno zostać odrzucone, a API zwróciło ${LAST_RESPONSE.status_code}</arg>
<doc>Fails if the given condition is not true.</doc>
<status status="PASS" start="2026-05-29T22:33:47.069494" elapsed="0.000511"/>
</kw>
<doc>Próbuje dodać bearer i weryfikuje, że API zwróciło błąd (status &gt;= 400).</doc>
<status status="PASS" start="2026-05-29T22:33:47.066141" elapsed="0.003885"/>
</kw>
<kw name="Should Contain" owner="BuiltIn">
<arg>${LAST_RESPONSE.text}</arg>
<arg>${substring}</arg>
<doc>Fails if ``container`` does not contain ``item`` one or more times.</doc>
<status status="PASS" start="2026-05-29T22:33:47.070061" elapsed="0.000247"/>
</kw>
<doc>Jak wyżej, ale dodatkowo sprawdza fragment komunikatu błędu.</doc>
<status status="PASS" start="2026-05-29T22:33:47.065989" elapsed="0.004338"/>
</kw>
<doc>Akcja: dodanie bearera o ID = 10 (powyżej zakresu 1-9 zdefiniowanego w kontrakcie).
Oczekiwane: błąd - procedura wymaga bearer ID z dozwolonego zakresu.</doc>
<tag>add-bearer</tag>
<tag>validation</tag>
<status status="PASS" start="2026-05-29T22:33:47.060169" elapsed="0.010186"/>
</test>
<test id="s1-s1-t4" name="T-083 Adding a bearer below the valid range is rejected" line="46">
<kw name="Reset EPC" type="SETUP">
<kw name="POST On Session" owner="RequestsLibrary">
<msg time="2026-05-29T22:33:47.073243" level="INFO">POST Request : url=http://localhost:8000/reset 
 path_url=/reset 
 headers={'User-Agent': 'python-requests/2.33.1', 'Accept-Encoding': 'gzip, deflate', 'Accept': '*/*', 'Connection': 'keep-alive', 'Content-Length': '0'} 
 body=None 
 </msg>
<msg time="2026-05-29T22:33:47.073271" level="INFO">POST Response : url=http://localhost:8000/reset 
 status=200, reason=OK 
 headers={'date': 'Fri, 29 May 2026 20:33:47 GMT', 'server': 'uvicorn', 'content-length': '18', 'content-type': 'application/json'} 
 body={"status":"reset"} 
 </msg>
<arg>epc</arg>
<arg>/reset</arg>
<doc>Sends a POST request on a previously created HTTP Session.</doc>
<status status="PASS" start="2026-05-29T22:33:47.070694" elapsed="0.002602"/>
</kw>
<doc>Przywraca symulator do stanu początkowego przed każdym testem.</doc>
<status status="PASS" start="2026-05-29T22:33:47.070626" elapsed="0.002697"/>
</kw>
<kw name="Attach UE ${VALID_UE_ID}" source_name="Attach UE ${ue_id}">
<kw name="Create Dictionary" owner="BuiltIn">
<msg time="2026-05-29T22:33:47.073670" level="INFO">${body} = {'ue_id': 50}</msg>
<var>${body}</var>
<arg>ue_id=${ue_id}</arg>
<doc>Creates and returns a dictionary based on the given ``items``.</doc>
<status status="PASS" start="2026-05-29T22:33:47.073535" elapsed="0.000143"/>
</kw>
<kw name="POST On Session" owner="RequestsLibrary">
<msg time="2026-05-29T22:33:47.076802" level="INFO">POST Request : url=http://localhost:8000/ues 
 path_url=/ues 
 headers={'User-Agent': 'python-requests/2.33.1', 'Accept-Encoding': 'gzip, deflate', 'Accept': '*/*', 'Connection': 'keep-alive', 'Content-Length': '13', 'Content-Type': 'application/json'} 
 body=b'{"ue_id": 50}' 
 </msg>
<msg time="2026-05-29T22:33:47.076824" level="INFO">POST Response : url=http://localhost:8000/ues 
 status=200, reason=OK 
 headers={'date': 'Fri, 29 May 2026 20:33:47 GMT', 'server': 'uvicorn', 'content-length': '32', 'content-type': 'application/json'} 
 body={"status":"attached","ue_id":50} 
 </msg>
<arg>epc</arg>
<arg>/ues</arg>
<arg>json=${body}</arg>
<arg>expected_status=any</arg>
<doc>Sends a POST request on a previously created HTTP Session.</doc>
<status status="PASS" start="2026-05-29T22:33:47.073713" elapsed="0.003134"/>
</kw>
<doc>Podłącza UE (helper do przygotowania stanu).</doc>
<status status="PASS" start="2026-05-29T22:33:47.073423" elapsed="0.003448"/>
</kw>
<kw name="Adding bearer ${BEARER_BELOW_RANGE} to UE ${VALID_UE_ID} should be rejected with message &quot;Input should be greater than or equal to 1&quot;" source_name="Adding bearer ${bearer_id} to UE ${ue_id} should be rejected with message &quot;${substring}&quot;">
<kw name="Adding bearer ${bearer_id} to UE ${ue_id} should be rejected" source_name="Adding bearer ${bearer_id} to UE ${ue_id} should be rejected">
<kw name="Add bearer ${bearer_id} to UE ${ue_id}" source_name="Add bearer ${bearer_id} to UE ${ue_id}">
<kw name="Create Dictionary" owner="BuiltIn">
<msg time="2026-05-29T22:33:47.077657" level="INFO">${body} = {'bearer_id': 0}</msg>
<var>${body}</var>
<arg>bearer_id=${bearer_id}</arg>
<doc>Creates and returns a dictionary based on the given ``items``.</doc>
<status status="PASS" start="2026-05-29T22:33:47.077539" elapsed="0.000127"/>
</kw>
<kw name="POST On Session" owner="RequestsLibrary">
<msg time="2026-05-29T22:33:47.078916" level="INFO">POST Request : url=http://localhost:8000/ues/50/bearers 
 path_url=/ues/50/bearers 
 headers={'User-Agent': 'python-requests/2.33.1', 'Accept-Encoding': 'gzip, deflate', 'Accept': '*/*', 'Connection': 'keep-alive', 'Content-Length': '16', 'Content-Type': 'application/json'} 
 body=b'{"bearer_id": 0}' 
 </msg>
<msg time="2026-05-29T22:33:47.078935" level="INFO">POST Response : url=http://localhost:8000/ues/50/bearers 
 status=422, reason=Unprocessable Entity 
 headers={'date': 'Fri, 29 May 2026 20:33:47 GMT', 'server': 'uvicorn', 'content-length': '145', 'content-type': 'application/json'} 
 body={"detail":[{"type":"greater_than_equal","loc":["body","bearer_id"],"msg":"Input should be greater than or equal to 1","input":0,"ctx":{"ge":1}}]} 
 </msg>
<msg time="2026-05-29T22:33:47.078973" level="INFO">${response} = &lt;Response [422]&gt;</msg>
<var>${response}</var>
<arg>epc</arg>
<arg>/ues/${ue_id}/bearers</arg>
<arg>json=${body}</arg>
<arg>expected_status=any</arg>
<doc>Sends a POST request on a previously created HTTP Session.</doc>
<status status="PASS" start="2026-05-29T22:33:47.077704" elapsed="0.001278"/>
</kw>
<kw name="Set Test Variable" owner="BuiltIn">
<msg time="2026-05-29T22:33:47.079309" level="INFO">${LAST_RESPONSE} = &lt;Response [422]&gt;</msg>
<arg>${LAST_RESPONSE}</arg>
<arg>${response}</arg>
<doc>Makes a variable available everywhere within the scope of the current test.</doc>
<status status="PASS" start="2026-05-29T22:33:47.079030" elapsed="0.000293"/>
</kw>
<doc>Wysyła POST /ues/{ue_id}/bearers i zapisuje odpowiedź w ${LAST_RESPONSE}.</doc>
<status status="PASS" start="2026-05-29T22:33:47.077437" elapsed="0.001904"/>
</kw>
<kw name="Should Be True" owner="BuiltIn">
<arg>${LAST_RESPONSE.status_code} &gt;= 400</arg>
<arg>Dodanie bearera ${bearer_id} do UE ${ue_id} powinno zostać odrzucone, a API zwróciło ${LAST_RESPONSE.status_code}</arg>
<doc>Fails if the given condition is not true.</doc>
<status status="PASS" start="2026-05-29T22:33:47.079374" elapsed="0.000420"/>
</kw>
<doc>Próbuje dodać bearer i weryfikuje, że API zwróciło błąd (status &gt;= 400).</doc>
<status status="PASS" start="2026-05-29T22:33:47.077121" elapsed="0.002693"/>
</kw>
<kw name="Should Contain" owner="BuiltIn">
<arg>${LAST_RESPONSE.text}</arg>
<arg>${substring}</arg>
<doc>Fails if ``container`` does not contain ``item`` one or more times.</doc>
<status status="PASS" start="2026-05-29T22:33:47.079847" elapsed="0.000191"/>
</kw>
<doc>Jak wyżej, ale dodatkowo sprawdza fragment komunikatu błędu.</doc>
<status status="PASS" start="2026-05-29T22:33:47.076972" elapsed="0.003087"/>
</kw>
<doc>Akcja: dodanie bearera o ID = 0 (poniżej zakresu 1-9 zdefiniowanego w kontrakcie).
Oczekiwane: błąd - procedura wymaga bearer ID z dozwolonego zakresu.</doc>
<tag>add-bearer</tag>
<tag>validation</tag>
<status status="PASS" start="2026-05-29T22:33:47.070439" elapsed="0.009652"/>
</test>
<test id="s1-s1-t5" name="T-084 Adding an already-added bearer is rejected" line="53">
<kw name="Reset EPC" type="SETUP">
<kw name="POST On Session" owner="RequestsLibrary">
<msg time="2026-05-29T22:33:47.083010" level="INFO">POST Request : url=http://localhost:8000/reset 
 path_url=/reset 
 headers={'User-Agent': 'python-requests/2.33.1', 'Accept-Encoding': 'gzip, deflate', 'Accept': '*/*', 'Connection': 'keep-alive', 'Content-Length': '0'} 
 body=None 
 </msg>
<msg time="2026-05-29T22:33:47.083033" level="INFO">POST Response : url=http://localhost:8000/reset 
 status=200, reason=OK 
 headers={'date': 'Fri, 29 May 2026 20:33:47 GMT', 'server': 'uvicorn', 'content-length': '18', 'content-type': 'application/json'} 
 body={"status":"reset"} 
 </msg>
<arg>epc</arg>
<arg>/reset</arg>
<doc>Sends a POST request on a previously created HTTP Session.</doc>
<status status="PASS" start="2026-05-29T22:33:47.080435" elapsed="0.002619"/>
</kw>
<doc>Przywraca symulator do stanu początkowego przed każdym testem.</doc>
<status status="PASS" start="2026-05-29T22:33:47.080360" elapsed="0.002717"/>
</kw>
<kw name="Attach UE ${VALID_UE_ID}" source_name="Attach UE ${ue_id}">
<kw name="Create Dictionary" owner="BuiltIn">
<msg time="2026-05-29T22:33:47.083370" level="INFO">${body} = {'ue_id': 50}</msg>
<var>${body}</var>
<arg>ue_id=${ue_id}</arg>
<doc>Creates and returns a dictionary based on the given ``items``.</doc>
<status status="PASS" start="2026-05-29T22:33:47.083264" elapsed="0.000120"/>
</kw>
<kw name="POST On Session" owner="RequestsLibrary">
<msg time="2026-05-29T22:33:47.085951" level="INFO">POST Request : url=http://localhost:8000/ues 
 path_url=/ues 
 headers={'User-Agent': 'python-requests/2.33.1', 'Accept-Encoding': 'gzip, deflate', 'Accept': '*/*', 'Connection': 'keep-alive', 'Content-Length': '13', 'Content-Type': 'application/json'} 
 body=b'{"ue_id": 50}' 
 </msg>
<msg time="2026-05-29T22:33:47.085982" level="INFO">POST Response : url=http://localhost:8000/ues 
 status=200, reason=OK 
 headers={'date': 'Fri, 29 May 2026 20:33:47 GMT', 'server': 'uvicorn', 'content-length': '32', 'content-type': 'application/json'} 
 body={"status":"attached","ue_id":50} 
 </msg>
<arg>epc</arg>
<arg>/ues</arg>
<arg>json=${body}</arg>
<arg>expected_status=any</arg>
<doc>Sends a POST request on a previously created HTTP Session.</doc>
<status status="PASS" start="2026-05-29T22:33:47.083427" elapsed="0.002584"/>
</kw>
<doc>Podłącza UE (helper do przygotowania stanu).</doc>
<status status="PASS" start="2026-05-29T22:33:47.083159" elapsed="0.002883"/>
</kw>
<kw name="Add bearer ${VALID_BEARER_ID} to UE ${VALID_UE_ID}" source_name="Add bearer ${bearer_id} to UE ${ue_id}">
<kw name="Create Dictionary" owner="BuiltIn">
<msg time="2026-05-29T22:33:47.086620" level="INFO">${body} = {'bearer_id': 1}</msg>
<var>${body}</var>
<arg>bearer_id=${bearer_id}</arg>
<doc>Creates and returns a dictionary based on the given ``items``.</doc>
<status status="PASS" start="2026-05-29T22:33:47.086472" elapsed="0.000158"/>
</kw>
<kw name="POST On Session" owner="RequestsLibrary">
<msg time="2026-05-29T22:33:47.089580" level="INFO">POST Request : url=http://localhost:8000/ues/50/bearers 
 path_url=/ues/50/bearers 
 headers={'User-Agent': 'python-requests/2.33.1', 'Accept-Encoding': 'gzip, deflate', 'Accept': '*/*', 'Connection': 'keep-alive', 'Content-Length': '16', 'Content-Type': 'application/json'} 
 body=b'{"bearer_id": 1}' 
 </msg>
<msg time="2026-05-29T22:33:47.089604" level="INFO">POST Response : url=http://localhost:8000/ues/50/bearers 
 status=200, reason=OK 
 headers={'date': 'Fri, 29 May 2026 20:33:47 GMT', 'server': 'uvicorn', 'content-length': '50', 'content-type': 'application/json'} 
 body={"status":"bearer_added","ue_id":50,"bearer_id":1} 
 </msg>
<msg time="2026-05-29T22:33:47.089648" level="INFO">${response} = &lt;Response [200]&gt;</msg>
<var>${response}</var>
<arg>epc</arg>
<arg>/ues/${ue_id}/bearers</arg>
<arg>json=${body}</arg>
<arg>expected_status=any</arg>
<doc>Sends a POST request on a previously created HTTP Session.</doc>
<status status="PASS" start="2026-05-29T22:33:47.086672" elapsed="0.002985"/>
</kw>
<kw name="Set Test Variable" owner="BuiltIn">
<msg time="2026-05-29T22:33:47.089971" level="INFO">${LAST_RESPONSE} = &lt;Response [200]&gt;</msg>
<arg>${LAST_RESPONSE}</arg>
<arg>${response}</arg>
<doc>Makes a variable available everywhere within the scope of the current test.</doc>
<status status="PASS" start="2026-05-29T22:33:47.089712" elapsed="0.000273"/>
</kw>
<doc>Wysyła POST /ues/{ue_id}/bearers i zapisuje odpowiedź w ${LAST_RESPONSE}.</doc>
<status status="PASS" start="2026-05-29T22:33:47.086340" elapsed="0.003663"/>
</kw>
<kw name="Adding bearer ${VALID_BEARER_ID} to UE ${VALID_UE_ID} should be rejected with message &quot;Bearer already exists&quot;" source_name="Adding bearer ${bearer_id} to UE ${ue_id} should be rejected with message &quot;${substring}&quot;">
<kw name="Adding bearer ${bearer_id} to UE ${ue_id} should be rejected" source_name="Adding bearer ${bearer_id} to UE ${ue_id} should be rejected">
<kw name="Add bearer ${bearer_id} to UE ${ue_id}" source_name="Add bearer ${bearer_id} to UE ${ue_id}">
<kw name="Create Dictionary" owner="BuiltIn">
<msg time="2026-05-29T22:33:47.090563" level="INFO">${body} = {'bearer_id': 1}</msg>
<var>${body}</var>
<arg>bearer_id=${bearer_id}</arg>
<doc>Creates and returns a dictionary based on the given ``items``.</doc>
<status status="PASS" start="2026-05-29T22:33:47.090452" elapsed="0.000119"/>
</kw>
<kw name="POST On Session" owner="RequestsLibrary">
<msg time="2026-05-29T22:33:47.092249" level="INFO">POST Request : url=http://localhost:8000/ues/50/bearers 
 path_url=/ues/50/bearers 
 headers={'User-Agent': 'python-requests/2.33.1', 'Accept-Encoding': 'gzip, deflate', 'Accept': '*/*', 'Connection': 'keep-alive', 'Content-Length': '16', 'Content-Type': 'application/json'} 
 body=b'{"bearer_id": 1}' 
 </msg>
<msg time="2026-05-29T22:33:47.092272" level="INFO">POST Response : url=http://localhost:8000/ues/50/bearers 
 status=400, reason=Bad Request 
 headers={'date': 'Fri, 29 May 2026 20:33:47 GMT', 'server': 'uvicorn', 'content-length': '34', 'content-type': 'application/json'} 
 body={"detail":"Bearer already exists"} 
 </msg>
<msg time="2026-05-29T22:33:47.092307" level="INFO">${response} = &lt;Response [400]&gt;</msg>
<var>${response}</var>
<arg>epc</arg>
<arg>/ues/${ue_id}/bearers</arg>
<arg>json=${body}</arg>
<arg>expected_status=any</arg>
<doc>Sends a POST request on a previously created HTTP Session.</doc>
<status status="PASS" start="2026-05-29T22:33:47.090608" elapsed="0.001707"/>
</kw>
<kw name="Set Test Variable" owner="BuiltIn">
<msg time="2026-05-29T22:33:47.092487" level="INFO">${LAST_RESPONSE} = &lt;Response [400]&gt;</msg>
<arg>${LAST_RESPONSE}</arg>
<arg>${response}</arg>
<doc>Makes a variable available everywhere within the scope of the current test.</doc>
<status status="PASS" start="2026-05-29T22:33:47.092367" elapsed="0.000134"/>
</kw>
<doc>Wysyła POST /ues/{ue_id}/bearers i zapisuje odpowiedź w &lt;Response [200]&gt;.</doc>
<status status="PASS" start="2026-05-29T22:33:47.090367" elapsed="0.002154"/>
</kw>
<kw name="Should Be True" owner="BuiltIn">
<arg>${LAST_RESPONSE.status_code} &gt;= 400</arg>
<arg>Dodanie bearera ${bearer_id} do UE ${ue_id} powinno zostać odrzucone, a API zwróciło ${LAST_RESPONSE.status_code}</arg>
<doc>Fails if the given condition is not true.</doc>
<status status="PASS" start="2026-05-29T22:33:47.092557" elapsed="0.000385"/>
</kw>
<doc>Próbuje dodać bearer i weryfikuje, że API zwróciło błąd (status &gt;= 400).</doc>
<status status="PASS" start="2026-05-29T22:33:47.090238" elapsed="0.002723"/>
</kw>
<kw name="Should Contain" owner="BuiltIn">
<arg>${LAST_RESPONSE.text}</arg>
<arg>${substring}</arg>
<doc>Fails if ``container`` does not contain ``item`` one or more times.</doc>
<status status="PASS" start="2026-05-29T22:33:47.092994" elapsed="0.000186"/>
</kw>
<doc>Jak wyżej, ale dodatkowo sprawdza fragment komunikatu błędu.</doc>
<status status="PASS" start="2026-05-29T22:33:47.090108" elapsed="0.003089"/>
</kw>
<doc>Akcja: dwukrotne dodanie tego samego bearera do UE.
Oczekiwane: drugie dodanie powinno zostać odrzucone - bearer już istnieje.</doc>
<tag>add-bearer</tag>
<tag>conflict</tag>
<status status="PASS" start="2026-05-29T22:33:47.080174" elapsed="0.013053"/>
</test>
<test id="s1-s1-t6" name="T-085 Adding the default bearer 9 is rejected" line="61">
<kw name="Reset EPC" type="SETUP">
<kw name="POST On Session" owner="RequestsLibrary">
<msg time="2026-05-29T22:33:47.096425" level="INFO">POST Request : url=http://localhost:8000/reset 
 path_url=/reset 
 headers={'User-Agent': 'python-requests/2.33.1', 'Accept-Encoding': 'gzip, deflate', 'Accept': '*/*', 'Connection': 'keep-alive', 'Content-Length': '0'} 
 body=None 
 </msg>
<msg time="2026-05-29T22:33:47.096450" level="INFO">POST Response : url=http://localhost:8000/reset 
 status=200, reason=OK 
 headers={'date': 'Fri, 29 May 2026 20:33:47 GMT', 'server': 'uvicorn', 'content-length': '18', 'content-type': 'application/json'} 
 body={"status":"reset"} 
 </msg>
<arg>epc</arg>
<arg>/reset</arg>
<doc>Sends a POST request on a previously created HTTP Session.</doc>
<status status="PASS" start="2026-05-29T22:33:47.093592" elapsed="0.002882"/>
</kw>
<doc>Przywraca symulator do stanu początkowego przed każdym testem.</doc>
<status status="PASS" start="2026-05-29T22:33:47.093516" elapsed="0.002986"/>
</kw>
<kw name="Attach UE ${VALID_UE_ID}" source_name="Attach UE ${ue_id}">
<kw name="Create Dictionary" owner="BuiltIn">
<msg time="2026-05-29T22:33:47.096814" level="INFO">${body} = {'ue_id': 50}</msg>
<var>${body}</var>
<arg>ue_id=${ue_id}</arg>
<doc>Creates and returns a dictionary based on the given ``items``.</doc>
<status status="PASS" start="2026-05-29T22:33:47.096696" elapsed="0.000129"/>
</kw>
<kw name="POST On Session" owner="RequestsLibrary">
<msg time="2026-05-29T22:33:47.099505" level="INFO">POST Request : url=http://localhost:8000/ues 
 path_url=/ues 
 headers={'User-Agent': 'python-requests/2.33.1', 'Accept-Encoding': 'gzip, deflate', 'Accept': '*/*', 'Connection': 'keep-alive', 'Content-Length': '13', 'Content-Type': 'application/json'} 
 body=b'{"ue_id": 50}' 
 </msg>
<msg time="2026-05-29T22:33:47.099527" level="INFO">POST Response : url=http://localhost:8000/ues 
 status=200, reason=OK 
 headers={'date': 'Fri, 29 May 2026 20:33:47 GMT', 'server': 'uvicorn', 'content-length': '32', 'content-type': 'application/json'} 
 body={"status":"attached","ue_id":50} 
 </msg>
<arg>epc</arg>
<arg>/ues</arg>
<arg>json=${body}</arg>
<arg>expected_status=any</arg>
<doc>Sends a POST request on a previously created HTTP Session.</doc>
<status status="PASS" start="2026-05-29T22:33:47.096872" elapsed="0.002680"/>
</kw>
<doc>Podłącza UE (helper do przygotowania stanu).</doc>
<status status="PASS" start="2026-05-29T22:33:47.096592" elapsed="0.002986"/>
</kw>
<kw name="Adding bearer ${DEFAULT_BEARER_ID} to UE ${VALID_UE_ID} should be rejected with message &quot;Bearer already exists&quot;" source_name="Adding bearer ${bearer_id} to UE ${ue_id} should be rejected with message &quot;${substring}&quot;">
<kw name="Adding bearer ${bearer_id} to UE ${ue_id} should be rejected" source_name="Adding bearer ${bearer_id} to UE ${ue_id} should be rejected">
<kw name="Add bearer ${bearer_id} to UE ${ue_id}" source_name="Add bearer ${bearer_id} to UE ${ue_id}">
<kw name="Create Dictionary" owner="BuiltIn">
<msg time="2026-05-29T22:33:47.100392" level="INFO">${body} = {'bearer_id': 9}</msg>
<var>${body}</var>
<arg>bearer_id=${bearer_id}</arg>
<doc>Creates and returns a dictionary based on the given ``items``.</doc>
<status status="PASS" start="2026-05-29T22:33:47.100270" elapsed="0.000131"/>
</kw>
<kw name="POST On Session" owner="RequestsLibrary">
<msg time="2026-05-29T22:33:47.101886" level="INFO">POST Request : url=http://localhost:8000/ues/50/bearers 
 path_url=/ues/50/bearers 
 headers={'User-Agent': 'python-requests/2.33.1', 'Accept-Encoding': 'gzip, deflate', 'Accept': '*/*', 'Connection': 'keep-alive', 'Content-Length': '16', 'Content-Type': 'application/json'} 
 body=b'{"bearer_id": 9}' 
 </msg>
<msg time="2026-05-29T22:33:47.101905" level="INFO">POST Response : url=http://localhost:8000/ues/50/bearers 
 status=400, reason=Bad Request 
 headers={'date': 'Fri, 29 May 2026 20:33:47 GMT', 'server': 'uvicorn', 'content-length': '34', 'content-type': 'application/json'} 
 body={"detail":"Bearer already exists"} 
 </msg>
<msg time="2026-05-29T22:33:47.101941" level="INFO">${response} = &lt;Response [400]&gt;</msg>
<var>${response}</var>
<arg>epc</arg>
<arg>/ues/${ue_id}/bearers</arg>
<arg>json=${body}</arg>
<arg>expected_status=any</arg>
<doc>Sends a POST request on a previously created HTTP Session.</doc>
<status status="PASS" start="2026-05-29T22:33:47.100439" elapsed="0.001510"/>
</kw>
<kw name="Set Test Variable" owner="BuiltIn">
<msg time="2026-05-29T22:33:47.102280" level="INFO">${LAST_RESPONSE} = &lt;Response [400]&gt;</msg>
<arg>${LAST_RESPONSE}</arg>
<arg>${response}</arg>
<doc>Makes a variable available everywhere within the scope of the current test.</doc>
<status status="PASS" start="2026-05-29T22:33:47.102023" elapsed="0.000270"/>
</kw>
<doc>Wysyła POST /ues/{ue_id}/bearers i zapisuje odpowiedź w ${LAST_RESPONSE}.</doc>
<status status="PASS" start="2026-05-29T22:33:47.100148" elapsed="0.002162"/>
</kw>
<kw name="Should Be True" owner="BuiltIn">
<arg>${LAST_RESPONSE.status_code} &gt;= 400</arg>
<arg>Dodanie bearera ${bearer_id} do UE ${ue_id} powinno zostać odrzucone, a API zwróciło ${LAST_RESPONSE.status_code}</arg>
<doc>Fails if the given condition is not true.</doc>
<status status="PASS" start="2026-05-29T22:33:47.102348" elapsed="0.000397"/>
</kw>
<doc>Próbuje dodać bearer i weryfikuje, że API zwróciło błąd (status &gt;= 400).</doc>
<status status="PASS" start="2026-05-29T22:33:47.099827" elapsed="0.002939"/>
</kw>
<kw name="Should Contain" owner="BuiltIn">
<arg>${LAST_RESPONSE.text}</arg>
<arg>${substring}</arg>
<doc>Fails if ``container`` does not contain ``item`` one or more times.</doc>
<status status="PASS" start="2026-05-29T22:33:47.102801" elapsed="0.000176"/>
</kw>
<doc>Jak wyżej, ale dodatkowo sprawdza fragment komunikatu błędu.</doc>
<status status="PASS" start="2026-05-29T22:33:47.099680" elapsed="0.003314"/>
</kw>
<doc>Akcja: dodanie bearera o ID = 9, który jest domyślnie ustanawiany przy podłączeniu UE.
Oczekiwane: błąd - bearer 9 już istnieje dla podłączonego UE.</doc>
<tag>add-bearer</tag>
<tag>conflict</tag>
<status status="PASS" start="2026-05-29T22:33:47.093311" elapsed="0.009711"/>
</test>
<test id="s1-s1-t7" name="T-086 Adding a bearer to an unattached UE is rejected" line="68">
<kw name="Reset EPC" type="SETUP">
<kw name="POST On Session" owner="RequestsLibrary">
<msg time="2026-05-29T22:33:47.106298" level="INFO">POST Request : url=http://localhost:8000/reset 
 path_url=/reset 
 headers={'User-Agent': 'python-requests/2.33.1', 'Accept-Encoding': 'gzip, deflate', 'Accept': '*/*', 'Connection': 'keep-alive', 'Content-Length': '0'} 
 body=None 
 </msg>
<msg time="2026-05-29T22:33:47.106322" level="INFO">POST Response : url=http://localhost:8000/reset 
 status=200, reason=OK 
 headers={'date': 'Fri, 29 May 2026 20:33:47 GMT', 'server': 'uvicorn', 'content-length': '18', 'content-type': 'application/json'} 
 body={"status":"reset"} 
 </msg>
<arg>epc</arg>
<arg>/reset</arg>
<doc>Sends a POST request on a previously created HTTP Session.</doc>
<status status="PASS" start="2026-05-29T22:33:47.103337" elapsed="0.003006"/>
</kw>
<doc>Przywraca symulator do stanu początkowego przed każdym testem.</doc>
<status status="PASS" start="2026-05-29T22:33:47.103272" elapsed="0.003096"/>
</kw>
<kw name="Adding bearer ${VALID_BEARER_ID} to UE ${UNATTACHED_UE_ID} should be rejected with message &quot;UE not found&quot;" source_name="Adding bearer ${bearer_id} to UE ${ue_id} should be rejected with message &quot;${substring}&quot;">
<kw name="Adding bearer ${bearer_id} to UE ${ue_id} should be rejected" source_name="Adding bearer ${bearer_id} to UE ${ue_id} should be rejected">
<kw name="Add bearer ${bearer_id} to UE ${ue_id}" source_name="Add bearer ${bearer_id} to UE ${ue_id}">
<kw name="Create Dictionary" owner="BuiltIn">
<msg time="2026-05-29T22:33:47.107255" level="INFO">${body} = {'bearer_id': 1}</msg>
<var>${body}</var>
<arg>bearer_id=${bearer_id}</arg>
<doc>Creates and returns a dictionary based on the given ``items``.</doc>
<status status="PASS" start="2026-05-29T22:33:47.107130" elapsed="0.000134"/>
</kw>
<kw name="POST On Session" owner="RequestsLibrary">
<msg time="2026-05-29T22:33:47.108740" level="INFO">POST Request : url=http://localhost:8000/ues/77/bearers 
 path_url=/ues/77/bearers 
 headers={'User-Agent': 'python-requests/2.33.1', 'Accept-Encoding': 'gzip, deflate', 'Accept': '*/*', 'Connection': 'keep-alive', 'Content-Length': '16', 'Content-Type': 'application/json'} 
 body=b'{"bearer_id": 1}' 
 </msg>
<msg time="2026-05-29T22:33:47.108762" level="INFO">POST Response : url=http://localhost:8000/ues/77/bearers 
 status=400, reason=Bad Request 
 headers={'date': 'Fri, 29 May 2026 20:33:47 GMT', 'server': 'uvicorn', 'content-length': '25', 'content-type': 'application/json'} 
 body={"detail":"UE not found"} 
 </msg>
<msg time="2026-05-29T22:33:47.108799" level="INFO">${response} = &lt;Response [400]&gt;</msg>
<var>${response}</var>
<arg>epc</arg>
<arg>/ues/${ue_id}/bearers</arg>
<arg>json=${body}</arg>
<arg>expected_status=any</arg>
<doc>Sends a POST request on a previously created HTTP Session.</doc>
<status status="PASS" start="2026-05-29T22:33:47.107301" elapsed="0.001506"/>
</kw>
<kw name="Set Test Variable" owner="BuiltIn">
<msg time="2026-05-29T22:33:47.109139" level="INFO">${LAST_RESPONSE} = &lt;Response [400]&gt;</msg>
<arg>${LAST_RESPONSE}</arg>
<arg>${response}</arg>
<doc>Makes a variable available everywhere within the scope of the current test.</doc>
<status status="PASS" start="2026-05-29T22:33:47.108859" elapsed="0.000294"/>
</kw>
<doc>Wysyła POST /ues/{ue_id}/bearers i zapisuje odpowiedź w ${LAST_RESPONSE}.</doc>
<status status="PASS" start="2026-05-29T22:33:47.107030" elapsed="0.002141"/>
</kw>
<kw name="Should Be True" owner="BuiltIn">
<arg>${LAST_RESPONSE.status_code} &gt;= 400</arg>
<arg>Dodanie bearera ${bearer_id} do UE ${ue_id} powinno zostać odrzucone, a API zwróciło ${LAST_RESPONSE.status_code}</arg>
<doc>Fails if the given condition is not true.</doc>
<status status="PASS" start="2026-05-29T22:33:47.109203" elapsed="0.000406"/>
</kw>
<doc>Próbuje dodać bearer i weryfikuje, że API zwróciło błąd (status &gt;= 400).</doc>
<status status="PASS" start="2026-05-29T22:33:47.106717" elapsed="0.002914"/>
</kw>
<kw name="Should Contain" owner="BuiltIn">
<arg>${LAST_RESPONSE.text}</arg>
<arg>${substring}</arg>
<doc>Fails if ``container`` does not contain ``item`` one or more times.</doc>
<status status="PASS" start="2026-05-29T22:33:47.109667" elapsed="0.000185"/>
</kw>
<doc>Jak wyżej, ale dodatkowo sprawdza fragment komunikatu błędu.</doc>
<status status="PASS" start="2026-05-29T22:33:47.106475" elapsed="0.003394"/>
</kw>
<doc>Akcja: dodanie bearera do UE, który nie został przyłączony do sieci.
Oczekiwane: błąd - procedura wg spec wymaga istniejącego UE ID.</doc>
<tag>add-bearer</tag>
<tag>error</tag>
<status status="PASS" start="2026-05-29T22:33:47.103096" elapsed="0.006801"/>
</test>
<doc>Testy funkcjonalności - dodanie kanału transportowego (bearer) dla UE.
- Możliwe jest dodanie dedykowanych bearer-ów dla UE
- Procedura wymaga podania UE ID oraz bearer ID
- Bearer spoza zakresu (1-9) -&gt; błąd
- Bearer już dodany -&gt; błąd
- Bearer ID 9 jest domyślnie ustanawiany przy podłączeniu UE</doc>
<status status="PASS" start="2026-05-29T22:33:46.883686" elapsed="0.226374"/>
</suite>
<suite id="s1-s2" name="Attach" source="/Users/bukowski/Projects/STUDIA-Testowanie-Oprogramowania/epc-simulator-tests/attach.robot">
<kw name="Create Session" owner="RequestsLibrary" type="SETUP">
<msg time="2026-05-29T22:33:47.111049" level="INFO">Creating Session using : alias=epc, url=http://localhost:8000, headers={},                     cookies={}, auth=None, timeout=None, proxies=None, verify=False,                     debug=0 </msg>
<arg>epc</arg>
<arg>${BASE_URL}</arg>
<doc>Create Session: create a HTTP session to a server</doc>
<status status="PASS" start="2026-05-29T22:33:47.111008" elapsed="0.000092"/>
</kw>
<test id="s1-s2-t1" name="T-001 Attach UE With Valid ID Succeeds" line="16">
<kw name="Reset EPC" type="SETUP">
<kw name="POST On Session" owner="RequestsLibrary">
<msg time="2026-05-29T22:33:47.113687" level="INFO">POST Request : url=http://localhost:8000/reset 
 path_url=/reset 
 headers={'User-Agent': 'python-requests/2.33.1', 'Accept-Encoding': 'gzip, deflate', 'Accept': '*/*', 'Connection': 'keep-alive', 'Content-Length': '0'} 
 body=None 
 </msg>
<msg time="2026-05-29T22:33:47.113741" level="INFO">POST Response : url=http://localhost:8000/reset 
 status=200, reason=OK 
 headers={'date': 'Fri, 29 May 2026 20:33:47 GMT', 'server': 'uvicorn', 'content-length': '18', 'content-type': 'application/json'} 
 body={"status":"reset"} 
 </msg>
<arg>epc</arg>
<arg>/reset</arg>
<doc>Sends a POST request on a previously created HTTP Session.</doc>
<status status="PASS" start="2026-05-29T22:33:47.111317" elapsed="0.002448"/>
</kw>
<doc>Przywraca symulator do stanu początkowego przed każdym testem.</doc>
<status status="PASS" start="2026-05-29T22:33:47.111254" elapsed="0.002539"/>
</kw>
<kw name="Attach UE-50" source_name="Attach UE-${ue_id}">
<kw name="Create Dictionary" owner="BuiltIn">
<msg time="2026-05-29T22:33:47.114282" level="INFO">${body} = {'ue_id': '50'}</msg>
<var>${body}</var>
<arg>ue_id=${ue_id}</arg>
<doc>Creates and returns a dictionary based on the given ``items``.</doc>
<status status="PASS" start="2026-05-29T22:33:47.114127" elapsed="0.000164"/>
</kw>
<kw name="POST On Session" owner="RequestsLibrary">
<msg time="2026-05-29T22:33:47.117138" level="INFO">POST Request : url=http://localhost:8000/ues 
 path_url=/ues 
 headers={'User-Agent': 'python-requests/2.33.1', 'Accept-Encoding': 'gzip, deflate', 'Accept': '*/*', 'Connection': 'keep-alive', 'Content-Length': '15', 'Content-Type': 'application/json'} 
 body=b'{"ue_id": "50"}' 
 </msg>
<msg time="2026-05-29T22:33:47.117163" level="INFO">POST Response : url=http://localhost:8000/ues 
 status=200, reason=OK 
 headers={'date': 'Fri, 29 May 2026 20:33:47 GMT', 'server': 'uvicorn', 'content-length': '32', 'content-type': 'application/json'} 
 body={"status":"attached","ue_id":50} 
 </msg>
<msg time="2026-05-29T22:33:47.117206" level="INFO">${response} = &lt;Response [200]&gt;</msg>
<var>${response}</var>
<arg>epc</arg>
<arg>/ues</arg>
<arg>json=${body}</arg>
<arg>expected_status=any</arg>
<doc>Sends a POST request on a previously created HTTP Session.</doc>
<status status="PASS" start="2026-05-29T22:33:47.114332" elapsed="0.002883"/>
</kw>
<kw name="Set Test Variable" owner="BuiltIn">
<msg time="2026-05-29T22:33:47.117532" level="INFO">${LAST_RESPONSE} = &lt;Response [200]&gt;</msg>
<arg>${LAST_RESPONSE}</arg>
<arg>${response}</arg>
<doc>Makes a variable available everywhere within the scope of the current test.</doc>
<status status="PASS" start="2026-05-29T22:33:47.117270" elapsed="0.000277"/>
</kw>
<doc>Wysyła attach UE i zapisuje odpowiedź w ${LAST_RESPONSE}.</doc>
<status status="PASS" start="2026-05-29T22:33:47.114027" elapsed="0.003542"/>
</kw>
<kw name="Verify Attach Succeeded-50" source_name="Verify Attach Succeeded-${ue_id}">
<kw name="Status Should Be" owner="RequestsLibrary">
<arg>200</arg>
<arg>${LAST_RESPONSE}</arg>
<doc>Fails if response status code is different than the expected.</doc>
<status status="PASS" start="2026-05-29T22:33:47.117715" elapsed="0.000060"/>
</kw>
<kw name="Should Be Equal As Strings" owner="BuiltIn">
<arg>${LAST_RESPONSE.json()}[status]</arg>
<arg>attached</arg>
<doc>Fails if objects are unequal after converting them to strings.</doc>
<status status="PASS" start="2026-05-29T22:33:47.117810" elapsed="0.000209"/>
</kw>
<kw name="Should Be Equal As Integers" owner="BuiltIn">
<msg time="2026-05-29T22:33:47.118232" level="INFO">Argument types are:
&lt;class 'int'&gt;
&lt;class 'str'&gt;</msg>
<arg>${LAST_RESPONSE.json()}[ue_id]</arg>
<arg>${ue_id}</arg>
<doc>Fails if objects are unequal after converting them to integers.</doc>
<status status="PASS" start="2026-05-29T22:33:47.118058" elapsed="0.000194"/>
</kw>
<doc>Weryfikuje, że ostatni attach zwrócił 200 i poprawne body (status=attached, ue_id zgodny).</doc>
<status status="PASS" start="2026-05-29T22:33:47.117628" elapsed="0.000644"/>
</kw>
<doc>UE o poprawnym ID zostaje podłączony, API potwierdza status.</doc>
<tag>attach</tag>
<tag>happy-path</tag>
<status status="PASS" start="2026-05-29T22:33:47.111122" elapsed="0.007181"/>
</test>
<test id="s1-s2-t2" name="T-002 Attached UE Receives Default Bearer 9" line="22">
<kw name="Reset EPC" type="SETUP">
<kw name="POST On Session" owner="RequestsLibrary">
<msg time="2026-05-29T22:33:47.121687" level="INFO">POST Request : url=http://localhost:8000/reset 
 path_url=/reset 
 headers={'User-Agent': 'python-requests/2.33.1', 'Accept-Encoding': 'gzip, deflate', 'Accept': '*/*', 'Connection': 'keep-alive', 'Content-Length': '0'} 
 body=None 
 </msg>
<msg time="2026-05-29T22:33:47.121712" level="INFO">POST Response : url=http://localhost:8000/reset 
 status=200, reason=OK 
 headers={'date': 'Fri, 29 May 2026 20:33:47 GMT', 'server': 'uvicorn', 'content-length': '18', 'content-type': 'application/json'} 
 body={"status":"reset"} 
 </msg>
<arg>epc</arg>
<arg>/reset</arg>
<doc>Sends a POST request on a previously created HTTP Session.</doc>
<status status="PASS" start="2026-05-29T22:33:47.118729" elapsed="0.003011"/>
</kw>
<doc>Przywraca symulator do stanu początkowego przed każdym testem.</doc>
<status status="PASS" start="2026-05-29T22:33:47.118553" elapsed="0.003213"/>
</kw>
<kw name="Attach UE-50" source_name="Attach UE-${ue_id}">
<kw name="Create Dictionary" owner="BuiltIn">
<msg time="2026-05-29T22:33:47.122173" level="INFO">${body} = {'ue_id': '50'}</msg>
<var>${body}</var>
<arg>ue_id=${ue_id}</arg>
<doc>Creates and returns a dictionary based on the given ``items``.</doc>
<status status="PASS" start="2026-05-29T22:33:47.122059" elapsed="0.000122"/>
</kw>
<kw name="POST On Session" owner="RequestsLibrary">
<msg time="2026-05-29T22:33:47.124778" level="INFO">POST Request : url=http://localhost:8000/ues 
 path_url=/ues 
 headers={'User-Agent': 'python-requests/2.33.1', 'Accept-Encoding': 'gzip, deflate', 'Accept': '*/*', 'Connection': 'keep-alive', 'Content-Length': '15', 'Content-Type': 'application/json'} 
 body=b'{"ue_id": "50"}' 
 </msg>
<msg time="2026-05-29T22:33:47.124800" level="INFO">POST Response : url=http://localhost:8000/ues 
 status=200, reason=OK 
 headers={'date': 'Fri, 29 May 2026 20:33:47 GMT', 'server': 'uvicorn', 'content-length': '32', 'content-type': 'application/json'} 
 body={"status":"attached","ue_id":50} 
 </msg>
<msg time="2026-05-29T22:33:47.124842" level="INFO">${response} = &lt;Response [200]&gt;</msg>
<var>${response}</var>
<arg>epc</arg>
<arg>/ues</arg>
<arg>json=${body}</arg>
<arg>expected_status=any</arg>
<doc>Sends a POST request on a previously created HTTP Session.</doc>
<status status="PASS" start="2026-05-29T22:33:47.122215" elapsed="0.002635"/>
</kw>
<kw name="Set Test Variable" owner="BuiltIn">
<msg time="2026-05-29T22:33:47.125164" level="INFO">${LAST_RESPONSE} = &lt;Response [200]&gt;</msg>
<arg>${LAST_RESPONSE}</arg>
<arg>${response}</arg>
<doc>Makes a variable available everywhere within the scope of the current test.</doc>
<status status="PASS" start="2026-05-29T22:33:47.124904" elapsed="0.000275"/>
</kw>
<doc>Wysyła attach UE i zapisuje odpowiedź w ${LAST_RESPONSE}.</doc>
<status status="PASS" start="2026-05-29T22:33:47.121975" elapsed="0.003222"/>
</kw>
<kw name="UE Should Have Default Bearer-50-9" source_name="UE Should Have Default Bearer-${ue_id}-${bearer_id}">
<kw name="GET On Session" owner="RequestsLibrary">
<msg time="2026-05-29T22:33:47.126698" level="INFO">GET Request : url=http://localhost:8000/ues/50 
 path_url=/ues/50 
 headers={'User-Agent': 'python-requests/2.33.1', 'Accept-Encoding': 'gzip, deflate', 'Accept': '*/*', 'Connection': 'keep-alive'} 
 body=None 
 </msg>
<msg time="2026-05-29T22:33:47.126718" level="INFO">GET Response : url=http://localhost:8000/ues/50 
 status=200, reason=OK 
 headers={'date': 'Fri, 29 May 2026 20:33:47 GMT', 'server': 'uvicorn', 'content-length': '104', 'content-type': 'application/json'} 
 body={"ue_id":50,"bearers":{"9":{"bearer_id":9,"protocol":null,"target_bps":null,"active":false}},"stats":{}} 
 </msg>
<msg time="2026-05-29T22:33:47.126750" level="INFO">${ue} = &lt;Response [200]&gt;</msg>
<var>${ue}</var>
<arg>epc</arg>
<arg>/ues/${ue_id}</arg>
<doc>Sends a GET request on a previously created HTTP Session.</doc>
<status status="PASS" start="2026-05-29T22:33:47.125350" elapsed="0.001436"/>
</kw>
<kw name="Status Should Be" owner="RequestsLibrary">
<arg>200</arg>
<arg>${ue}</arg>
<doc>Fails if response status code is different than the expected.</doc>
<status status="PASS" start="2026-05-29T22:33:47.126830" elapsed="0.000060"/>
</kw>
<kw name="Dictionary Should Contain Key" owner="Collections">
<arg>${ue.json()}[bearers]</arg>
<arg>9</arg>
<doc>Fails if ``key`` is not found from ``dictionary``.</doc>
<status status="PASS" start="2026-05-29T22:33:47.126921" elapsed="0.000164"/>
</kw>
<kw name="Should Be Equal As Integers" owner="BuiltIn">
<msg time="2026-05-29T22:33:47.127312" level="INFO">Argument types are:
&lt;class 'int'&gt;
&lt;class 'str'&gt;</msg>
<arg>${ue.json()}[bearers][9][bearer_id]</arg>
<arg>${bearer_id}</arg>
<doc>Fails if objects are unequal after converting them to integers.</doc>
<status status="PASS" start="2026-05-29T22:33:47.127123" elapsed="0.000209"/>
</kw>
<doc>Pobiera dane UE i sprawdza, że ma domyślny bearer o ID 9.</doc>
<status status="PASS" start="2026-05-29T22:33:47.125259" elapsed="0.002092"/>
</kw>
<doc>Po attachu UE ma automatycznie ustanowiony domyślny bearer o ID 9.</doc>
<tag>attach</tag>
<tag>default-bearer</tag>
<status status="PASS" start="2026-05-29T22:33:47.118397" elapsed="0.008986"/>
</test>
<test id="s1-s2-t3" name="T-003 Attach UE With Out Of Range ID Is Rejected" line="28">
<kw name="Reset EPC" type="SETUP">
<kw name="POST On Session" owner="RequestsLibrary">
<msg time="2026-05-29T22:33:47.129825" level="INFO">POST Request : url=http://localhost:8000/reset 
 path_url=/reset 
 headers={'User-Agent': 'python-requests/2.33.1', 'Accept-Encoding': 'gzip, deflate', 'Accept': '*/*', 'Connection': 'keep-alive', 'Content-Length': '0'} 
 body=None 
 </msg>
<msg time="2026-05-29T22:33:47.129846" level="INFO">POST Response : url=http://localhost:8000/reset 
 status=200, reason=OK 
 headers={'date': 'Fri, 29 May 2026 20:33:47 GMT', 'server': 'uvicorn', 'content-length': '18', 'content-type': 'application/json'} 
 body={"status":"reset"} 
 </msg>
<arg>epc</arg>
<arg>/reset</arg>
<doc>Sends a POST request on a previously created HTTP Session.</doc>
<status status="PASS" start="2026-05-29T22:33:47.127692" elapsed="0.002173"/>
</kw>
<doc>Przywraca symulator do stanu początkowego przed każdym testem.</doc>
<status status="PASS" start="2026-05-29T22:33:47.127620" elapsed="0.002268"/>
</kw>
<kw name="Verify Attach was Rejected--1" source_name="Verify Attach was Rejected-${ue_id}">
<kw name="Attach UE-${ue_id}" source_name="Attach UE-${ue_id}">
<kw name="Create Dictionary" owner="BuiltIn">
<msg time="2026-05-29T22:33:47.130368" level="INFO">${body} = {'ue_id': '-1'}</msg>
<var>${body}</var>
<arg>ue_id=${ue_id}</arg>
<doc>Creates and returns a dictionary based on the given ``items``.</doc>
<status status="PASS" start="2026-05-29T22:33:47.130266" elapsed="0.000110"/>
</kw>
<kw name="POST On Session" owner="RequestsLibrary">
<msg time="2026-05-29T22:33:47.131707" level="INFO">POST Request : url=http://localhost:8000/ues 
 path_url=/ues 
 headers={'User-Agent': 'python-requests/2.33.1', 'Accept-Encoding': 'gzip, deflate', 'Accept': '*/*', 'Connection': 'keep-alive', 'Content-Length': '15', 'Content-Type': 'application/json'} 
 body=b'{"ue_id": "-1"}' 
 </msg>
<msg time="2026-05-29T22:33:47.131729" level="INFO">POST Response : url=http://localhost:8000/ues 
 status=422, reason=Unprocessable Entity 
 headers={'date': 'Fri, 29 May 2026 20:33:47 GMT', 'server': 'uvicorn', 'content-length': '144', 'content-type': 'application/json'} 
 body={"detail":[{"type":"greater_than_equal","loc":["body","ue_id"],"msg":"Input should be greater than or equal to 1","input":"-1","ctx":{"ge":1}}]} 
 </msg>
<msg time="2026-05-29T22:33:47.131770" level="INFO">${response} = &lt;Response [422]&gt;</msg>
<var>${response}</var>
<arg>epc</arg>
<arg>/ues</arg>
<arg>json=${body}</arg>
<arg>expected_status=any</arg>
<doc>Sends a POST request on a previously created HTTP Session.</doc>
<status status="PASS" start="2026-05-29T22:33:47.130407" elapsed="0.001372"/>
</kw>
<kw name="Set Test Variable" owner="BuiltIn">
<msg time="2026-05-29T22:33:47.132066" level="INFO">${LAST_RESPONSE} = &lt;Response [422]&gt;</msg>
<arg>${LAST_RESPONSE}</arg>
<arg>${response}</arg>
<doc>Makes a variable available everywhere within the scope of the current test.</doc>
<status status="PASS" start="2026-05-29T22:33:47.131831" elapsed="0.000248"/>
</kw>
<doc>Wysyła attach UE i zapisuje odpowiedź w ${LAST_RESPONSE}.</doc>
<status status="PASS" start="2026-05-29T22:33:47.130188" elapsed="0.001910"/>
</kw>
<kw name="Should Be True" owner="BuiltIn">
<arg>${LAST_RESPONSE.status_code} &gt;= 400</arg>
<arg>UE ID ${ue_id} powinien zostać odrzucony, a API zwróciło ${LAST_RESPONSE.status_code}</arg>
<doc>Fails if the given condition is not true.</doc>
<status status="PASS" start="2026-05-29T22:33:47.132130" elapsed="0.000329"/>
</kw>
<doc>Próbuje attach i weryfikuje, że API zwróciło błąd (status &gt;= 400).</doc>
<status status="PASS" start="2026-05-29T22:33:47.129949" elapsed="0.002536"/>
</kw>
<doc>UE ID poza zakresem dopuszczalnych wartości -&gt; błąd.</doc>
<tag>attach</tag>
<tag>validation</tag>
<status status="PASS" start="2026-05-29T22:33:47.127469" elapsed="0.005050"/>
</test>
<test id="s1-s2-t4" name="T-004 Attach Already Attached UE Is Rejected" line="33">
<kw name="Reset EPC" type="SETUP">
<kw name="POST On Session" owner="RequestsLibrary">
<msg time="2026-05-29T22:33:47.134282" level="INFO">POST Request : url=http://localhost:8000/reset 
 path_url=/reset 
 headers={'User-Agent': 'python-requests/2.33.1', 'Accept-Encoding': 'gzip, deflate', 'Accept': '*/*', 'Connection': 'keep-alive', 'Content-Length': '0'} 
 body=None 
 </msg>
<msg time="2026-05-29T22:33:47.134307" level="INFO">POST Response : url=http://localhost:8000/reset 
 status=200, reason=OK 
 headers={'date': 'Fri, 29 May 2026 20:33:47 GMT', 'server': 'uvicorn', 'content-length': '18', 'content-type': 'application/json'} 
 body={"status":"reset"} 
 </msg>
<arg>epc</arg>
<arg>/reset</arg>
<doc>Sends a POST request on a previously created HTTP Session.</doc>
<status status="PASS" start="2026-05-29T22:33:47.132825" elapsed="0.001504"/>
</kw>
<doc>Przywraca symulator do stanu początkowego przed każdym testem.</doc>
<status status="PASS" start="2026-05-29T22:33:47.132751" elapsed="0.001603"/>
</kw>
<kw name="Attach UE-50" source_name="Attach UE-${ue_id}">
<kw name="Create Dictionary" owner="BuiltIn">
<msg time="2026-05-29T22:33:47.134806" level="INFO">${body} = {'ue_id': '50'}</msg>
<var>${body}</var>
<arg>ue_id=${ue_id}</arg>
<doc>Creates and returns a dictionary based on the given ``items``.</doc>
<status status="PASS" start="2026-05-29T22:33:47.134673" elapsed="0.000141"/>
</kw>
<kw name="POST On Session" owner="RequestsLibrary">
<msg time="2026-05-29T22:33:47.137865" level="INFO">POST Request : url=http://localhost:8000/ues 
 path_url=/ues 
 headers={'User-Agent': 'python-requests/2.33.1', 'Accept-Encoding': 'gzip, deflate', 'Accept': '*/*', 'Connection': 'keep-alive', 'Content-Length': '15', 'Content-Type': 'application/json'} 
 body=b'{"ue_id": "50"}' 
 </msg>
<msg time="2026-05-29T22:33:47.137893" level="INFO">POST Response : url=http://localhost:8000/ues 
 status=200, reason=OK 
 headers={'date': 'Fri, 29 May 2026 20:33:47 GMT', 'server': 'uvicorn', 'content-length': '32', 'content-type': 'application/json'} 
 body={"status":"attached","ue_id":50} 
 </msg>
<msg time="2026-05-29T22:33:47.137940" level="INFO">${response} = &lt;Response [200]&gt;</msg>
<var>${response}</var>
<arg>epc</arg>
<arg>/ues</arg>
<arg>json=${body}</arg>
<arg>expected_status=any</arg>
<doc>Sends a POST request on a previously created HTTP Session.</doc>
<status status="PASS" start="2026-05-29T22:33:47.134851" elapsed="0.003096"/>
</kw>
<kw name="Set Test Variable" owner="BuiltIn">
<msg time="2026-05-29T22:33:47.138277" level="INFO">${LAST_RESPONSE} = &lt;Response [200]&gt;</msg>
<arg>${LAST_RESPONSE}</arg>
<arg>${response}</arg>
<doc>Makes a variable available everywhere within the scope of the current test.</doc>
<status status="PASS" start="2026-05-29T22:33:47.138005" elapsed="0.000314"/>
</kw>
<doc>Wysyła attach UE i zapisuje odpowiedź w ${LAST_RESPONSE}.</doc>
<status status="PASS" start="2026-05-29T22:33:47.134574" elapsed="0.003769"/>
</kw>
<kw name="Verify Attach Was Rejected With Message-50" source_name="Verify Attach Was Rejected With Message-${ue_id}">
<kw name="Verify Attach was Rejected-${ue_id}" source_name="Verify Attach was Rejected-${ue_id}">
<kw name="Attach UE-${ue_id}" source_name="Attach UE-${ue_id}">
<kw name="Create Dictionary" owner="BuiltIn">
<msg time="2026-05-29T22:33:47.138856" level="INFO">${body} = {'ue_id': '50'}</msg>
<var>${body}</var>
<arg>ue_id=${ue_id}</arg>
<doc>Creates and returns a dictionary based on the given ``items``.</doc>
<status status="PASS" start="2026-05-29T22:33:47.138742" elapsed="0.000122"/>
</kw>
<kw name="POST On Session" owner="RequestsLibrary">
<msg time="2026-05-29T22:33:47.140375" level="INFO">POST Request : url=http://localhost:8000/ues 
 path_url=/ues 
 headers={'User-Agent': 'python-requests/2.33.1', 'Accept-Encoding': 'gzip, deflate', 'Accept': '*/*', 'Connection': 'keep-alive', 'Content-Length': '15', 'Content-Type': 'application/json'} 
 body=b'{"ue_id": "50"}' 
 </msg>
<msg time="2026-05-29T22:33:47.140396" level="INFO">POST Response : url=http://localhost:8000/ues 
 status=400, reason=Bad Request 
 headers={'date': 'Fri, 29 May 2026 20:33:47 GMT', 'server': 'uvicorn', 'content-length': '32', 'content-type': 'application/json'} 
 body={"detail":"UE already attached"} 
 </msg>
<msg time="2026-05-29T22:33:47.140431" level="INFO">${response} = &lt;Response [400]&gt;</msg>
<var>${response}</var>
<arg>epc</arg>
<arg>/ues</arg>
<arg>json=${body}</arg>
<arg>expected_status=any</arg>
<doc>Sends a POST request on a previously created HTTP Session.</doc>
<status status="PASS" start="2026-05-29T22:33:47.138901" elapsed="0.001538"/>
</kw>
<kw name="Set Test Variable" owner="BuiltIn">
<msg time="2026-05-29T22:33:47.140607" level="INFO">${LAST_RESPONSE} = &lt;Response [400]&gt;</msg>
<arg>${LAST_RESPONSE}</arg>
<arg>${response}</arg>
<doc>Makes a variable available everywhere within the scope of the current test.</doc>
<status status="PASS" start="2026-05-29T22:33:47.140488" elapsed="0.000133"/>
</kw>
<doc>Wysyła attach UE i zapisuje odpowiedź w &lt;Response [200]&gt;.</doc>
<status status="PASS" start="2026-05-29T22:33:47.138656" elapsed="0.001984"/>
</kw>
<kw name="Should Be True" owner="BuiltIn">
<arg>${LAST_RESPONSE.status_code} &gt;= 400</arg>
<arg>UE ID ${ue_id} powinien zostać odrzucony, a API zwróciło ${LAST_RESPONSE.status_code}</arg>
<doc>Fails if the given condition is not true.</doc>
<status status="PASS" start="2026-05-29T22:33:47.140672" elapsed="0.000363"/>
</kw>
<doc>Próbuje attach i weryfikuje, że API zwróciło błąd (status &gt;= 400).</doc>
<status status="PASS" start="2026-05-29T22:33:47.138535" elapsed="0.002520"/>
</kw>
<kw name="Should Contain" owner="BuiltIn">
<arg>${LAST_RESPONSE.text}</arg>
<arg>${substring}</arg>
<doc>Fails if ``container`` does not contain ``item`` one or more times.</doc>
<status status="PASS" start="2026-05-29T22:33:47.141087" elapsed="0.000176"/>
</kw>
<arg>already attached</arg>
<doc>Jak "Attach Should Be Rejected", ale dodatkowo sprawdza fragment komunikatu błędu.</doc>
<status status="PASS" start="2026-05-29T22:33:47.138405" elapsed="0.002875"/>
</kw>
<doc>Ponowny attach tego samego UE -&gt; błąd (spec: "UE już podłączony").</doc>
<tag>attach</tag>
<tag>conflict</tag>
<status status="PASS" start="2026-05-29T22:33:47.132598" elapsed="0.008715"/>
</test>
<test id="s1-s2-t5" name="T-059 Attach UE With ID 0 From Spec Range Succeeds" line="39">
<kw name="Reset EPC" type="SETUP">
<kw name="POST On Session" owner="RequestsLibrary">
<msg time="2026-05-29T22:33:47.144371" level="INFO">POST Request : url=http://localhost:8000/reset 
 path_url=/reset 
 headers={'User-Agent': 'python-requests/2.33.1', 'Accept-Encoding': 'gzip, deflate', 'Accept': '*/*', 'Connection': 'keep-alive', 'Content-Length': '0'} 
 body=None 
 </msg>
<msg time="2026-05-29T22:33:47.144392" level="INFO">POST Response : url=http://localhost:8000/reset 
 status=200, reason=OK 
 headers={'date': 'Fri, 29 May 2026 20:33:47 GMT', 'server': 'uvicorn', 'content-length': '18', 'content-type': 'application/json'} 
 body={"status":"reset"} 
 </msg>
<arg>epc</arg>
<arg>/reset</arg>
<doc>Sends a POST request on a previously created HTTP Session.</doc>
<status status="PASS" start="2026-05-29T22:33:47.141683" elapsed="0.002728"/>
</kw>
<doc>Przywraca symulator do stanu początkowego przed każdym testem.</doc>
<status status="PASS" start="2026-05-29T22:33:47.141609" elapsed="0.002823"/>
</kw>
<kw name="Attach UE-0" source_name="Attach UE-${ue_id}">
<kw name="Create Dictionary" owner="BuiltIn">
<msg time="2026-05-29T22:33:47.144815" level="INFO">${body} = {'ue_id': '0'}</msg>
<var>${body}</var>
<arg>ue_id=${ue_id}</arg>
<doc>Creates and returns a dictionary based on the given ``items``.</doc>
<status status="PASS" start="2026-05-29T22:33:47.144711" elapsed="0.000111"/>
</kw>
<kw name="POST On Session" owner="RequestsLibrary">
<msg time="2026-05-29T22:33:47.145941" level="INFO">POST Request : url=http://localhost:8000/ues 
 path_url=/ues 
 headers={'User-Agent': 'python-requests/2.33.1', 'Accept-Encoding': 'gzip, deflate', 'Accept': '*/*', 'Connection': 'keep-alive', 'Content-Length': '14', 'Content-Type': 'application/json'} 
 body=b'{"ue_id": "0"}' 
 </msg>
<msg time="2026-05-29T22:33:47.145959" level="INFO">POST Response : url=http://localhost:8000/ues 
 status=422, reason=Unprocessable Entity 
 headers={'date': 'Fri, 29 May 2026 20:33:47 GMT', 'server': 'uvicorn', 'content-length': '143', 'content-type': 'application/json'} 
 body={"detail":[{"type":"greater_than_equal","loc":["body","ue_id"],"msg":"Input should be greater than or equal to 1","input":"0","ctx":{"ge":1}}]} 
 </msg>
<msg time="2026-05-29T22:33:47.145995" level="INFO">${response} = &lt;Response [422]&gt;</msg>
<var>${response}</var>
<arg>epc</arg>
<arg>/ues</arg>
<arg>json=${body}</arg>
<arg>expected_status=any</arg>
<doc>Sends a POST request on a previously created HTTP Session.</doc>
<status status="PASS" start="2026-05-29T22:33:47.144853" elapsed="0.001150"/>
</kw>
<kw name="Set Test Variable" owner="BuiltIn">
<msg time="2026-05-29T22:33:47.146271" level="INFO">${LAST_RESPONSE} = &lt;Response [422]&gt;</msg>
<arg>${LAST_RESPONSE}</arg>
<arg>${response}</arg>
<doc>Makes a variable available everywhere within the scope of the current test.</doc>
<status status="PASS" start="2026-05-29T22:33:47.146046" elapsed="0.000239"/>
</kw>
<doc>Wysyła attach UE i zapisuje odpowiedź w ${LAST_RESPONSE}.</doc>
<status status="PASS" start="2026-05-29T22:33:47.144635" elapsed="0.001667"/>
</kw>
<kw name="Verify Attach Succeeded-0" source_name="Verify Attach Succeeded-${ue_id}">
<kw name="Status Should Be" owner="RequestsLibrary">
<msg time="2026-05-29T22:33:47.146538" level="FAIL">Url: http://localhost:8000/ues Expected status: 422 != 200</msg>
<arg>200</arg>
<arg>${LAST_RESPONSE}</arg>
<doc>Fails if response status code is different than the expected.</doc>
<status status="FAIL" start="2026-05-29T22:33:47.146442" elapsed="0.001190">Url: http://localhost:8000/ues Expected status: 422 != 200</status>
</kw>
<kw name="Should Be Equal As Strings" owner="BuiltIn">
<arg>${LAST_RESPONSE.json()}[status]</arg>
<arg>attached</arg>
<doc>Fails if objects are unequal after converting them to strings.</doc>
<status status="NOT RUN" start="2026-05-29T22:33:47.147684" elapsed="0.000008"/>
</kw>
<kw name="Should Be Equal As Integers" owner="BuiltIn">
<arg>${LAST_RESPONSE.json()}[ue_id]</arg>
<arg>${ue_id}</arg>
<doc>Fails if objects are unequal after converting them to integers.</doc>
<status status="NOT RUN" start="2026-05-29T22:33:47.147725" elapsed="0.000006"/>
</kw>
<doc>Weryfikuje, że ostatni attach zwrócił 200 i poprawne body (status=attached, ue_id zgodny).</doc>
<status status="FAIL" start="2026-05-29T22:33:47.146356" elapsed="0.001417">Url: http://localhost:8000/ues Expected status: 422 != 200</status>
</kw>
<doc>Akcja: attach UE o ID 0 (specyfikacja podaje zakres dostępnych UE: 0-100).
Oczekiwane: 200 - wg spec UE 0 mieści się w dozwolonym zakresie.</doc>
<tag>attach</tag>
<tag>boundary</tag>
<status status="FAIL" start="2026-05-29T22:33:47.141398" elapsed="0.006444">Url: http://localhost:8000/ues Expected status: 422 != 200</status>
</test>
<test id="s1-s2-t6" name="T-077 Attach With Boolean True As ue_id Is Rejected" line="46">
<kw name="Reset EPC" type="SETUP">
<kw name="POST On Session" owner="RequestsLibrary">
<msg time="2026-05-29T22:33:47.150708" level="INFO">POST Request : url=http://localhost:8000/reset 
 path_url=/reset 
 headers={'User-Agent': 'python-requests/2.33.1', 'Accept-Encoding': 'gzip, deflate', 'Accept': '*/*', 'Connection': 'keep-alive', 'Content-Length': '0'} 
 body=None 
 </msg>
<msg time="2026-05-29T22:33:47.150734" level="INFO">POST Response : url=http://localhost:8000/reset 
 status=200, reason=OK 
 headers={'date': 'Fri, 29 May 2026 20:33:47 GMT', 'server': 'uvicorn', 'content-length': '18', 'content-type': 'application/json'} 
 body={"status":"reset"} 
 </msg>
<arg>epc</arg>
<arg>/reset</arg>
<doc>Sends a POST request on a previously created HTTP Session.</doc>
<status status="PASS" start="2026-05-29T22:33:47.148168" elapsed="0.002589"/>
</kw>
<doc>Przywraca symulator do stanu początkowego przed każdym testem.</doc>
<status status="PASS" start="2026-05-29T22:33:47.148104" elapsed="0.002680"/>
</kw>
<kw name="Attach UE With Boolean True">
<kw name="Create Dictionary" owner="BuiltIn">
<msg time="2026-05-29T22:33:47.151214" level="INFO">${body} = {'ue_id': True}</msg>
<var>${body}</var>
<arg>ue_id=${True}</arg>
<doc>Creates and returns a dictionary based on the given ``items``.</doc>
<status status="PASS" start="2026-05-29T22:33:47.151058" elapsed="0.000165"/>
</kw>
<kw name="POST On Session" owner="RequestsLibrary">
<msg time="2026-05-29T22:33:47.154327" level="INFO">POST Request : url=http://localhost:8000/ues 
 path_url=/ues 
 headers={'User-Agent': 'python-requests/2.33.1', 'Accept-Encoding': 'gzip, deflate', 'Accept': '*/*', 'Connection': 'keep-alive', 'Content-Length': '15', 'Content-Type': 'application/json'} 
 body=b'{"ue_id": true}' 
 </msg>
<msg time="2026-05-29T22:33:47.154357" level="INFO">POST Response : url=http://localhost:8000/ues 
 status=200, reason=OK 
 headers={'date': 'Fri, 29 May 2026 20:33:47 GMT', 'server': 'uvicorn', 'content-length': '31', 'content-type': 'application/json'} 
 body={"status":"attached","ue_id":1} 
 </msg>
<msg time="2026-05-29T22:33:47.154409" level="INFO">${response} = &lt;Response [200]&gt;</msg>
<var>${response}</var>
<arg>epc</arg>
<arg>/ues</arg>
<arg>json=${body}</arg>
<arg>expected_status=any</arg>
<doc>Sends a POST request on a previously created HTTP Session.</doc>
<status status="PASS" start="2026-05-29T22:33:47.151262" elapsed="0.003157"/>
</kw>
<kw name="Set Test Variable" owner="BuiltIn">
<msg time="2026-05-29T22:33:47.154764" level="INFO">${LAST_RESPONSE} = &lt;Response [200]&gt;</msg>
<arg>${LAST_RESPONSE}</arg>
<arg>${response}</arg>
<doc>Makes a variable available everywhere within the scope of the current test.</doc>
<status status="PASS" start="2026-05-29T22:33:47.154486" elapsed="0.000293"/>
</kw>
<doc>Wysyła POST /ues z ue_id ustawionym na wartość boolowską true.</doc>
<status status="PASS" start="2026-05-29T22:33:47.150852" elapsed="0.003953"/>
</kw>
<kw name="Verify Boolean Attach Was Rejected">
<kw name="Should Be True" owner="BuiltIn">
<msg time="2026-05-29T22:33:47.155311" level="FAIL">Attach z boolean ue_id powinien zostać odrzucony, a API zwróciło 200</msg>
<arg>${LAST_RESPONSE.status_code} &gt;= 400</arg>
<arg>Attach z boolean ue_id powinien zostać odrzucony, a API zwróciło ${LAST_RESPONSE.status_code}</arg>
<doc>Fails if the given condition is not true.</doc>
<status status="FAIL" start="2026-05-29T22:33:47.154942" elapsed="0.000404">Attach z boolean ue_id powinien zostać odrzucony, a API zwróciło 200</status>
</kw>
<doc>Weryfikuje, że API odrzuciło żądanie z boolean jako ue_id (status &gt;= 400).</doc>
<status status="FAIL" start="2026-05-29T22:33:47.154860" elapsed="0.000528">Attach z boolean ue_id powinien zostać odrzucony, a API zwróciło 200</status>
</kw>
<doc>Akcja: próba attach UE z wartością boolowską true jako ue_id.
Oczekiwane: błąd 422 - wartości boolowskie nie są poprawnymi identyfikatorami UE,
pole ue_id przyjmuje wyłącznie liczby całkowite.</doc>
<tag>attach</tag>
<tag>validation</tag>
<status status="FAIL" start="2026-05-29T22:33:47.147913" elapsed="0.007539">Attach z boolean ue_id powinien zostać odrzucony, a API zwróciło 200</status>
</test>
<doc>Testy funkcjonalności - podłączenie UE do sieci (attach).
- UE może zostać dołączony do sieci (wymaga UE ID)
- UE ID spoza zakresu -&gt; błąd
- UE już podłączony -&gt; błąd
- Podłączony UE automatycznie otrzymuje domyślny bearer ID 9</doc>
<status status="FAIL" start="2026-05-29T22:33:47.110347" elapsed="0.045281"/>
</suite>
<suite id="s1-s3" name="bugReports" source="/Users/bukowski/Projects/STUDIA-Testowanie-Oprogramowania/epc-simulator-tests/bugReports.robot">
<kw name="Create Session" owner="RequestsLibrary" type="SETUP">
<msg time="2026-05-29T22:33:47.157185" level="INFO">Creating Session using : alias=epc, url=http://localhost:8000, headers={},                     cookies={}, auth=None, timeout=None, proxies=None, verify=False,                     debug=0 </msg>
<arg>epc</arg>
<arg>${BASE_URL}</arg>
<doc>Create Session: create a HTTP session to a server</doc>
<status status="PASS" start="2026-05-29T22:33:47.157138" elapsed="0.000100"/>
</kw>
<test id="s1-s3-t1" name="BUG-1 Stop Traffic Zwraca traffic_stopped Gdy Nie Było Aktywnego Transferu" line="21">
<kw name="Reset EPC" type="SETUP">
<kw name="POST On Session" owner="RequestsLibrary">
<msg time="2026-05-29T22:33:47.163362" level="INFO">POST Request : url=http://localhost:8000/reset 
 path_url=/reset 
 headers={'User-Agent': 'python-requests/2.33.1', 'Accept-Encoding': 'gzip, deflate', 'Accept': '*/*', 'Connection': 'keep-alive', 'Content-Length': '0'} 
 body=None 
 </msg>
<msg time="2026-05-29T22:33:47.163392" level="INFO">POST Response : url=http://localhost:8000/reset 
 status=200, reason=OK 
 headers={'date': 'Fri, 29 May 2026 20:33:47 GMT', 'server': 'uvicorn', 'content-length': '18', 'content-type': 'application/json'} 
 body={"status":"reset"} 
 </msg>
<arg>epc</arg>
<arg>/reset</arg>
<doc>Sends a POST request on a previously created HTTP Session.</doc>
[...]
<doc>Sends a POST request on a previously created HTTP Session.</doc>
<status status="PASS" start="2026-05-29T22:33:58.966545" elapsed="0.002796"/>
</kw>
<doc>Podłącza UE (helper do przygotowania stanu).</doc>
<status status="PASS" start="2026-05-29T22:33:58.966183" elapsed="0.003182"/>
</kw>
<kw name="Starting traffic for UE ${VALID_UE_ID} on bearer ${BEARER_ID_BELOW_RANGE} with protocol ${VALID_PROTOCOL} at ${VALID_MBPS} Mbps should be rejected" source_name="Starting traffic for UE ${ue_id} on bearer ${bearer_id} with protocol ${protocol} at ${mbps} Mbps should be rejected">
<kw name="Start traffic for UE ${ue_id} on bearer ${bearer_id} with protocol ${protocol} at ${mbps} Mbps" source_name="Start traffic for UE ${ue_id} on bearer ${bearer_id} with protocol ${protocol} at ${mbps} Mbps">
<kw name="Create Dictionary" owner="BuiltIn">
<msg time="2026-05-29T22:33:58.970133" level="INFO">${body} = {'protocol': 'tcp', 'Mbps': 100}</msg>
<var>${body}</var>
<arg>protocol=${protocol}</arg>
<arg>Mbps=${mbps}</arg>
<doc>Creates and returns a dictionary based on the given ``items``.</doc>
<status status="PASS" start="2026-05-29T22:33:58.970019" elapsed="0.000122"/>
</kw>
<kw name="POST On Session" owner="RequestsLibrary">
<msg time="2026-05-29T22:33:58.971710" level="INFO">POST Request : url=http://localhost:8000/ues/50/bearers/0/traffic 
 path_url=/ues/50/bearers/0/traffic 
 headers={'User-Agent': 'python-requests/2.33.1', 'Accept-Encoding': 'gzip, deflate', 'Accept': '*/*', 'Connection': 'keep-alive', 'Content-Length': '32', 'Content-Type': 'application/json'} 
 body=b'{"protocol": "tcp", "Mbps": 100}' 
 </msg>
<msg time="2026-05-29T22:33:58.971730" level="INFO">POST Response : url=http://localhost:8000/ues/50/bearers/0/traffic 
 status=400, reason=Bad Request 
 headers={'date': 'Fri, 29 May 2026 20:33:57 GMT', 'server': 'uvicorn', 'content-length': '29', 'content-type': 'application/json'} 
 body={"detail":"Bearer not found"} 
 </msg>
<msg time="2026-05-29T22:33:58.971767" level="INFO">${response} = &lt;Response [400]&gt;</msg>
<var>${response}</var>
<arg>epc</arg>
<arg>/ues/${ue_id}/bearers/${bearer_id}/traffic</arg>
<arg>json=${body}</arg>
<arg>expected_status=any</arg>
<doc>Sends a POST request on a previously created HTTP Session.</doc>
<status status="PASS" start="2026-05-29T22:33:58.970178" elapsed="0.001598"/>
</kw>
<kw name="Set Test Variable" owner="BuiltIn">
<msg time="2026-05-29T22:33:58.972113" level="INFO">${LAST_RESPONSE} = &lt;Response [400]&gt;</msg>
<arg>${LAST_RESPONSE}</arg>
<arg>${response}</arg>
<doc>Makes a variable available everywhere within the scope of the current test.</doc>
<status status="PASS" start="2026-05-29T22:33:58.971825" elapsed="0.000301"/>
</kw>
<doc>Wysyła POST /ues/{ue_id}/bearers/{bearer_id}/traffic i zapisuje odpowiedź w ${LAST_RESPONSE}.</doc>
<status status="PASS" start="2026-05-29T22:33:58.969915" elapsed="0.002228"/>
</kw>
<kw name="Should Be True" owner="BuiltIn">
<arg>${LAST_RESPONSE.status_code} &gt;= 400</arg>
<arg>Start traffic UE=${ue_id} bearer=${bearer_id} ${mbps}Mbps powinien zostać odrzucony, a API zwróciło ${LAST_RESPONSE.status_code}</arg>
<doc>Fails if the given condition is not true.</doc>
<status status="PASS" start="2026-05-29T22:33:58.972176" elapsed="0.000422"/>
</kw>
<doc>Próbuje start traffic i weryfikuje, że API zwróciło błąd (status &gt;= 400).</doc>
<status status="PASS" start="2026-05-29T22:33:58.969527" elapsed="0.003092"/>
</kw>
<doc>Akcja: start transferu z bearer ID = 0 (poniżej zakresu 1-9 zdefiniowanego w kontrakcie).
Oczekiwane: błąd - procedura wymaga bearer ID z dozwolonego zakresu.</doc>
<tag>bearer</tag>
<tag>transfer</tag>
<tag>validation</tag>
<status status="PASS" start="2026-05-29T22:33:58.963467" elapsed="0.009184"/>
</test>
<test id="s1-s12-t12" name="T-020 Starting traffic with bearer ID above valid range is rejected" line="110">
<kw name="Reset EPC" type="SETUP">
<kw name="POST On Session" owner="RequestsLibrary">
<msg time="2026-05-29T22:33:58.975285" level="INFO">POST Request : url=http://localhost:8000/reset 
 path_url=/reset 
 headers={'User-Agent': 'python-requests/2.33.1', 'Accept-Encoding': 'gzip, deflate', 'Accept': '*/*', 'Connection': 'keep-alive', 'Content-Length': '0'} 
 body=None 
 </msg>
<msg time="2026-05-29T22:33:58.975307" level="INFO">POST Response : url=http://localhost:8000/reset 
 status=200, reason=OK 
 headers={'date': 'Fri, 29 May 2026 20:33:57 GMT', 'server': 'uvicorn', 'content-length': '18', 'content-type': 'application/json'} 
 body={"status":"reset"} 
 </msg>
<arg>epc</arg>
<arg>/reset</arg>
<doc>Sends a POST request on a previously created HTTP Session.</doc>
<status status="PASS" start="2026-05-29T22:33:58.972980" elapsed="0.002348"/>
</kw>
<doc>Przywraca symulator do stanu początkowego przed każdym testem.</doc>
<status status="PASS" start="2026-05-29T22:33:58.972917" elapsed="0.002436"/>
</kw>
<kw name="Attach UE ${VALID_UE_ID}" source_name="Attach UE ${ue_id}">
<kw name="Create Dictionary" owner="BuiltIn">
<msg time="2026-05-29T22:33:58.975664" level="INFO">${body} = {'ue_id': 50}</msg>
<var>${body}</var>
<arg>ue_id=${ue_id}</arg>
<doc>Creates and returns a dictionary based on the given ``items``.</doc>
<status status="PASS" start="2026-05-29T22:33:58.975547" elapsed="0.000125"/>
</kw>
<kw name="POST On Session" owner="RequestsLibrary">
<msg time="2026-05-29T22:33:58.977773" level="INFO">POST Request : url=http://localhost:8000/ues 
 path_url=/ues 
 headers={'User-Agent': 'python-requests/2.33.1', 'Accept-Encoding': 'gzip, deflate', 'Accept': '*/*', 'Connection': 'keep-alive', 'Content-Length': '13', 'Content-Type': 'application/json'} 
 body=b'{"ue_id": 50}' 
 </msg>
<msg time="2026-05-29T22:33:58.977796" level="INFO">POST Response : url=http://localhost:8000/ues 
 status=200, reason=OK 
 headers={'date': 'Fri, 29 May 2026 20:33:57 GMT', 'server': 'uvicorn', 'content-length': '32', 'content-type': 'application/json'} 
 body={"status":"attached","ue_id":50} 
 </msg>
<arg>epc</arg>
<arg>/ues</arg>
<arg>json=${body}</arg>
<arg>expected_status=any</arg>
<doc>Sends a POST request on a previously created HTTP Session.</doc>
<status status="PASS" start="2026-05-29T22:33:58.975709" elapsed="0.002112"/>
</kw>
<doc>Podłącza UE (helper do przygotowania stanu).</doc>
<status status="PASS" start="2026-05-29T22:33:58.975445" elapsed="0.002402"/>
</kw>
<kw name="Starting traffic for UE ${VALID_UE_ID} on bearer ${BEARER_ID_ABOVE_RANGE} with protocol ${VALID_PROTOCOL} at ${VALID_MBPS} Mbps should be rejected" source_name="Starting traffic for UE ${ue_id} on bearer ${bearer_id} with protocol ${protocol} at ${mbps} Mbps should be rejected">
<kw name="Start traffic for UE ${ue_id} on bearer ${bearer_id} with protocol ${protocol} at ${mbps} Mbps" source_name="Start traffic for UE ${ue_id} on bearer ${bearer_id} with protocol ${protocol} at ${mbps} Mbps">
<kw name="Create Dictionary" owner="BuiltIn">
<msg time="2026-05-29T22:33:58.978683" level="INFO">${body} = {'protocol': 'tcp', 'Mbps': 100}</msg>
<var>${body}</var>
<arg>protocol=${protocol}</arg>
<arg>Mbps=${mbps}</arg>
<doc>Creates and returns a dictionary based on the given ``items``.</doc>
<status status="PASS" start="2026-05-29T22:33:58.978546" elapsed="0.000146"/>
</kw>
<kw name="POST On Session" owner="RequestsLibrary">
<msg time="2026-05-29T22:33:58.980077" level="INFO">POST Request : url=http://localhost:8000/ues/50/bearers/10/traffic 
 path_url=/ues/50/bearers/10/traffic 
 headers={'User-Agent': 'python-requests/2.33.1', 'Accept-Encoding': 'gzip, deflate', 'Accept': '*/*', 'Connection': 'keep-alive', 'Content-Length': '32', 'Content-Type': 'application/json'} 
 body=b'{"protocol": "tcp", "Mbps": 100}' 
 </msg>
<msg time="2026-05-29T22:33:58.980097" level="INFO">POST Response : url=http://localhost:8000/ues/50/bearers/10/traffic 
 status=400, reason=Bad Request 
 headers={'date': 'Fri, 29 May 2026 20:33:57 GMT', 'server': 'uvicorn', 'content-length': '29', 'content-type': 'application/json'} 
 body={"detail":"Bearer not found"} 
 </msg>
<msg time="2026-05-29T22:33:58.980134" level="INFO">${response} = &lt;Response [400]&gt;</msg>
<var>${response}</var>
<arg>epc</arg>
<arg>/ues/${ue_id}/bearers/${bearer_id}/traffic</arg>
<arg>json=${body}</arg>
<arg>expected_status=any</arg>
<doc>Sends a POST request on a previously created HTTP Session.</doc>
<status status="PASS" start="2026-05-29T22:33:58.978751" elapsed="0.001391"/>
</kw>
<kw name="Set Test Variable" owner="BuiltIn">
<msg time="2026-05-29T22:33:58.980514" level="INFO">${LAST_RESPONSE} = &lt;Response [400]&gt;</msg>
<arg>${LAST_RESPONSE}</arg>
<arg>${response}</arg>
<doc>Makes a variable available everywhere within the scope of the current test.</doc>
<status status="PASS" start="2026-05-29T22:33:58.980194" elapsed="0.000336"/>
</kw>
<doc>Wysyła POST /ues/{ue_id}/bearers/{bearer_id}/traffic i zapisuje odpowiedź w ${LAST_RESPONSE}.</doc>
<status status="PASS" start="2026-05-29T22:33:58.978419" elapsed="0.002131"/>
</kw>
<kw name="Should Be True" owner="BuiltIn">
<arg>${LAST_RESPONSE.status_code} &gt;= 400</arg>
<arg>Start traffic UE=${ue_id} bearer=${bearer_id} ${mbps}Mbps powinien zostać odrzucony, a API zwróciło ${LAST_RESPONSE.status_code}</arg>
<doc>Fails if the given condition is not true.</doc>
<status status="PASS" start="2026-05-29T22:33:58.980589" elapsed="0.000419"/>
</kw>
<doc>Próbuje start traffic i weryfikuje, że API zwróciło błąd (status &gt;= 400).</doc>
<status status="PASS" start="2026-05-29T22:33:58.978007" elapsed="0.003021"/>
</kw>
<doc>Akcja: start transferu z bearer ID = 10 (powyżej zakresu 1-9 zdefiniowanego w kontrakcie).
Oczekiwane: błąd - procedura wymaga bearer ID z dozwolonego zakresu.</doc>
<tag>bearer</tag>
<tag>transfer</tag>
<tag>validation</tag>
<status status="PASS" start="2026-05-29T22:33:58.972728" elapsed="0.008329"/>
</test>
<test id="s1-s12-t13" name="T-058 Starting traffic above the 100 Mbps DL limit is rejected" line="117">
<kw name="Reset EPC" type="SETUP">
<kw name="POST On Session" owner="RequestsLibrary">
<msg time="2026-05-29T22:33:58.990972" level="INFO">POST Request : url=http://localhost:8000/reset 
 path_url=/reset 
 headers={'User-Agent': 'python-requests/2.33.1', 'Accept-Encoding': 'gzip, deflate', 'Accept': '*/*', 'Connection': 'keep-alive', 'Content-Length': '0'} 
 body=None 
 </msg>
<msg time="2026-05-29T22:33:58.991036" level="INFO">POST Response : url=http://localhost:8000/reset 
 status=200, reason=OK 
 headers={'date': 'Fri, 29 May 2026 20:33:57 GMT', 'server': 'uvicorn', 'content-length': '18', 'content-type': 'application/json'} 
 body={"status":"reset"} 
 </msg>
<arg>epc</arg>
<arg>/reset</arg>
<doc>Sends a POST request on a previously created HTTP Session.</doc>
<status status="PASS" start="2026-05-29T22:33:58.981369" elapsed="0.009718"/>
</kw>
<doc>Przywraca symulator do stanu początkowego przed każdym testem.</doc>
<status status="PASS" start="2026-05-29T22:33:58.981303" elapsed="0.009848"/>
</kw>
<kw name="Attach UE ${VALID_UE_ID}" source_name="Attach UE ${ue_id}">
<kw name="Create Dictionary" owner="BuiltIn">
<msg time="2026-05-29T22:33:58.991886" level="INFO">${body} = {'ue_id': 50}</msg>
<var>${body}</var>
<arg>ue_id=${ue_id}</arg>
<doc>Creates and returns a dictionary based on the given ``items``.</doc>
<status status="PASS" start="2026-05-29T22:33:58.991617" elapsed="0.000289"/>
</kw>
<kw name="POST On Session" owner="RequestsLibrary">
<msg time="2026-05-29T22:33:58.995304" level="INFO">POST Request : url=http://localhost:8000/ues 
 path_url=/ues 
 headers={'User-Agent': 'python-requests/2.33.1', 'Accept-Encoding': 'gzip, deflate', 'Accept': '*/*', 'Connection': 'keep-alive', 'Content-Length': '13', 'Content-Type': 'application/json'} 
 body=b'{"ue_id": 50}' 
 </msg>
<msg time="2026-05-29T22:33:58.995352" level="INFO">POST Response : url=http://localhost:8000/ues 
 status=200, reason=OK 
 headers={'date': 'Fri, 29 May 2026 20:33:57 GMT', 'server': 'uvicorn', 'content-length': '32', 'content-type': 'application/json'} 
 body={"status":"attached","ue_id":50} 
 </msg>
<arg>epc</arg>
<arg>/ues</arg>
<arg>json=${body}</arg>
<arg>expected_status=any</arg>
<doc>Sends a POST request on a previously created HTTP Session.</doc>
<status status="PASS" start="2026-05-29T22:33:58.991999" elapsed="0.003405"/>
</kw>
<doc>Podłącza UE (helper do przygotowania stanu).</doc>
<status status="PASS" start="2026-05-29T22:33:58.991377" elapsed="0.004085"/>
</kw>
<kw name="Starting traffic for UE ${VALID_UE_ID} on bearer ${DEFAULT_BEARER_ID} with protocol ${VALID_PROTOCOL} at ${OVER_LIMIT_MBPS} Mbps should be rejected" source_name="Starting traffic for UE ${ue_id} on bearer ${bearer_id} with protocol ${protocol} at ${mbps} Mbps should be rejected">
<kw name="Start traffic for UE ${ue_id} on bearer ${bearer_id} with protocol ${protocol} at ${mbps} Mbps" source_name="Start traffic for UE ${ue_id} on bearer ${bearer_id} with protocol ${protocol} at ${mbps} Mbps">
<kw name="Create Dictionary" owner="BuiltIn">
<msg time="2026-05-29T22:33:58.997329" level="INFO">${body} = {'protocol': 'tcp', 'Mbps': 101}</msg>
<var>${body}</var>
<arg>protocol=${protocol}</arg>
<arg>Mbps=${mbps}</arg>
<doc>Creates and returns a dictionary based on the given ``items``.</doc>
<status status="PASS" start="2026-05-29T22:33:58.997051" elapsed="0.000299"/>
</kw>
<kw name="POST On Session" owner="RequestsLibrary">
<msg time="2026-05-29T22:33:59.002161" level="INFO">POST Request : url=http://localhost:8000/ues/50/bearers/9/traffic 
 path_url=/ues/50/bearers/9/traffic 
 headers={'User-Agent': 'python-requests/2.33.1', 'Accept-Encoding': 'gzip, deflate', 'Accept': '*/*', 'Connection': 'keep-alive', 'Content-Length': '32', 'Content-Type': 'application/json'} 
 body=b'{"protocol": "tcp", "Mbps": 101}' 
 </msg>
<msg time="2026-05-29T22:33:59.002213" level="INFO">POST Response : url=http://localhost:8000/ues/50/bearers/9/traffic 
 status=200, reason=OK 
 headers={'date': 'Fri, 29 May 2026 20:33:57 GMT', 'server': 'uvicorn', 'content-length': '76', 'content-type': 'application/json'} 
 body={"status":"traffic_started","ue_id":50,"bearer_id":9,"target_bps":101000000} 
 </msg>
<msg time="2026-05-29T22:33:59.002300" level="INFO">${response} = &lt;Response [200]&gt;</msg>
<var>${response}</var>
<arg>epc</arg>
<arg>/ues/${ue_id}/bearers/${bearer_id}/traffic</arg>
<arg>json=${body}</arg>
<arg>expected_status=any</arg>
<doc>Sends a POST request on a previously created HTTP Session.</doc>
<status status="PASS" start="2026-05-29T22:33:58.997446" elapsed="0.004871"/>
</kw>
<kw name="Set Test Variable" owner="BuiltIn">
<msg time="2026-05-29T22:33:59.003336" level="INFO">${LAST_RESPONSE} = &lt;Response [200]&gt;</msg>
<arg>${LAST_RESPONSE}</arg>
<arg>${response}</arg>
<doc>Makes a variable available everywhere within the scope of the current test.</doc>
<status status="PASS" start="2026-05-29T22:33:59.002463" elapsed="0.001162"/>
</kw>
<doc>Wysyła POST /ues/{ue_id}/bearers/{bearer_id}/traffic i zapisuje odpowiedź w ${LAST_RESPONSE}.</doc>
<status status="PASS" start="2026-05-29T22:33:58.996790" elapsed="0.006901"/>
</kw>
<kw name="Should Be True" owner="BuiltIn">
<msg time="2026-05-29T22:33:59.005073" level="FAIL">Start traffic UE=50 bearer=9 101Mbps powinien zostać odrzucony, a API zwróciło 200</msg>
<arg>${LAST_RESPONSE.status_code} &gt;= 400</arg>
<arg>Start traffic UE=${ue_id} bearer=${bearer_id} ${mbps}Mbps powinien zostać odrzucony, a API zwróciło ${LAST_RESPONSE.status_code}</arg>
<doc>Fails if the given condition is not true.</doc>
<status status="FAIL" start="2026-05-29T22:33:59.003807" elapsed="0.001377">Start traffic UE=50 bearer=9 101Mbps powinien zostać odrzucony, a API zwróciło 200</status>
</kw>
<doc>Próbuje start traffic i weryfikuje, że API zwróciło błąd (status &gt;= 400).</doc>
<status status="FAIL" start="2026-05-29T22:33:58.995813" elapsed="0.009460">Start traffic UE=50 bearer=9 101Mbps powinien zostać odrzucony, a API zwróciło 200</status>
</kw>
<doc>Akcja: start transferu z Mbps=101, tuż powyżej limitu ze specyfikacji.
Oczekiwane: błąd - wg spec maksymalny transfer dla UE w kierunku DL to 100 Mbps.</doc>
<tag>out-of-range</tag>
<tag>transfer</tag>
<tag>validation</tag>
<status status="FAIL" start="2026-05-29T22:33:58.981124" elapsed="0.024249">Start traffic UE=50 bearer=9 101Mbps powinien zostać odrzucony, a API zwróciło 200</status>
</test>
<doc>Testy funkcjonalności - rozpoczęcie przesyłania danych (start traffic).
- Transfer można rozpocząć tylko w kierunku DL (kierunek implicit w API)
- Procedura wymaga podania szybkości (Mbps/kbps/bps), UE ID oraz bearer ID
- Szybkość spoza zakresu -&gt; błąd
- Bearer nieaktywny / nieistniejący -&gt; błąd
- Powtórny start na aktywnym bearerze -&gt; błąd</doc>
<status status="FAIL" start="2026-05-29T22:33:58.831760" elapsed="0.173905"/>
</suite>
<status status="FAIL" start="2026-05-29T22:33:46.864281" elapsed="12.142396"/>
</suite>
<statistics>
<total>
<stat pass="67" fail="13" skip="0">All Tests</stat>
</total>
<tag>
<stat pass="7" fail="0" skip="0">add-bearer</stat>
<stat pass="6" fail="2" skip="0">attach</stat>
<stat pass="4" fail="2" skip="0">bearer</stat>
<stat pass="0" fail="1" skip="0">boundary</stat>
<stat pass="8" fail="0" skip="0">bug</stat>
<stat pass="8" fail="5" skip="0">check-transfer</stat>
<stat pass="4" fail="0" skip="0">conflict</stat>
<stat pass="1" fail="0" skip="0">crash</stat>
<stat pass="1" fail="0" skip="0">default-bearer</stat>
<stat pass="8" fail="1" skip="0">delete-bearer</stat>
<stat pass="4" fail="0" skip="0">detach</stat>
<stat pass="4" fail="0" skip="0">dos</stat>
<stat pass="13" fail="3" skip="0">error</stat>
<stat pass="1" fail="0" skip="0">forbidden</stat>
<stat pass="11" fail="1" skip="0">happy-path</stat>
<stat pass="1" fail="0" skip="0">idempotency</stat>
<stat pass="4" fail="0" skip="0">list-bearers</stat>
<stat pass="1" fail="0" skip="0">method</stat>
<stat pass="1" fail="3" skip="0">out-of-range</stat>
<stat pass="3" fail="0" skip="0">payload-size</stat>
<stat pass="1" fail="0" skip="0">rate-limit</stat>
<stat pass="7" fail="0" skip="0">reset</stat>
<stat pass="1" fail="0" skip="0">smoke</stat>
<stat pass="9" fail="1" skip="0">state</stat>
<stat pass="5" fail="2" skip="0">stats</stat>
<stat pass="6" fail="2" skip="0">stop-transfer</stat>
<stat pass="6" fail="0" skip="0">stress</stat>
<stat pass="2" fail="0" skip="0">throughput</stat>
<stat pass="2" fail="0" skip="0">traffic</stat>
<stat pass="11" fail="3" skip="0">transfer</stat>
<stat pass="1" fail="0" skip="0">ue</stat>
<stat pass="0" fail="1" skip="0">unit</stat>
<stat pass="12" fail="4" skip="0">validation</stat>
</tag>
<suite>
<stat name="Epc-Simulator-Tests" id="s1" pass="67" fail="13" skip="0">Epc-Simulator-Tests</stat>
<stat name="Add Bearer" id="s1-s1" pass="7" fail="0" skip="0">Epc-Simulator-Tests.Add Bearer</stat>
<stat name="Attach" id="s1-s2" pass="4" fail="2" skip="0">Epc-Simulator-Tests.Attach</stat>
<stat name="bugReports" id="s1-s3" pass="8" fail="0" skip="0">Epc-Simulator-Tests.bugReports</stat>
<stat name="Check Transfer" id="s1-s4" pass="6" fail="5" skip="0">Epc-Simulator-Tests.Check Transfer</stat>
<stat name="Delete Bearer" id="s1-s5" pass="7" fail="1" skip="0">Epc-Simulator-Tests.Delete Bearer</stat>
<stat name="Detach" id="s1-s6" pass="4" fail="0" skip="0">Epc-Simulator-Tests.Detach</stat>
<stat name="List Bearers" id="s1-s7" pass="4" fail="0" skip="0">Epc-Simulator-Tests.List Bearers</stat>
<stat name="Reset" id="s1-s8" pass="5" fail="0" skip="0">Epc-Simulator-Tests.Reset</stat>
<stat name="Smoke" id="s1-s9" pass="1" fail="0" skip="0">Epc-Simulator-Tests.Smoke</stat>
<stat name="Stop Transfer" id="s1-s10" pass="5" fail="2" skip="0">Epc-Simulator-Tests.Stop Transfer</stat>
<stat name="stressTests" id="s1-s11" pass="6" fail="0" skip="0">Epc-Simulator-Tests.stressTests</stat>
<stat name="Transfer" id="s1-s12" pass="10" fail="3" skip="0">Epc-Simulator-Tests.Transfer</stat>
</suite>
</statistics>
<errors>
</errors>
</robot>
